<testsuites id="" name="" tests="404" failures="280" skipped="0" errors="0" time="1651.592165">
<testsuite name="accessibility.spec.ts" timestamp="2025-06-15T04:11:47.487Z" hostname="chromium" tests="16" failures="6" skipped="0" time="118.652" errors="0">
<testcase name="Accessibility Compliance › should have proper document structure" classname="accessibility.spec.ts" time="39.238">
<failure message="accessibility.spec.ts:13:3 should have proper document structure" type="FAILURE">
<![CDATA[  [chromium] › accessibility.spec.ts:13:3 › Accessibility Compliance › should have proper document structure 

    Test timeout of 30000ms exceeded.

    Error: Timed out 5000ms waiting for expect(locator).toHaveCount(expected)

    Locator: locator('main, [role="main"]')
    Expected: 1
    Received: 0
    Call log:
      - Expect "toHaveCount" with timeout 5000ms
      - waiting for locator('main, [role="main"]')
        - locator resolved to 0 elements
        - unexpected value "0"


      13 |   test('should have proper document structure', async ({ page }) => {
      14 |     // Check for semantic HTML structure
    > 15 |     await expect(page.locator('main, [role="main"]')).toHaveCount(1);
         |                                                       ^
      16 |     
      17 |     // Should have proper heading hierarchy
      18 |     const h1Count = await page.locator('h1').count();
        at c:\Users\cedric\Desktop\box\01-Projects\Web\game\dialect-game\tests\e2e\accessibility.spec.ts:15:55

    attachment #1: video (video/webm) ──────────────────────────────────────────────────────────────
    test-results\accessibility-Accessibilit-c00b6-e-proper-document-structure-chromium\video.webm
    ────────────────────────────────────────────────────────────────────────────────────────────────

    Error Context: ..\..\test-results\accessibility-Accessibilit-c00b6-e-proper-document-structure-chromium\error-context.md
]]>
</failure>
<system-out>
<![CDATA[
[[ATTACHMENT|accessibility-Accessibilit-c00b6-e-proper-document-structure-chromium\video.webm]]

[[ATTACHMENT|accessibility-Accessibilit-c00b6-e-proper-document-structure-chromium\error-context.md]]
]]>
</system-out>
</testcase>
<testcase name="Accessibility Compliance › should have proper focus management" classname="accessibility.spec.ts" time="39.235">
<failure message="accessibility.spec.ts:28:3 should have proper focus management" type="FAILURE">
<![CDATA[  [chromium] › accessibility.spec.ts:28:3 › Accessibility Compliance › should have proper focus management 

    Test timeout of 30000ms exceeded.

    Error: keyboard.press: Test timeout of 30000ms exceeded.

      34 |     // Tab through interactive elements
      35 |     for (let i = 0; i < 5; i++) {
    > 36 |       await page.keyboard.press('Tab');
         |                           ^
      37 |       const focused = page.locator(':focus');
      38 |       await expect(focused).toBeVisible();
      39 |     }
        at c:\Users\cedric\Desktop\box\01-Projects\Web\game\dialect-game\tests\e2e\accessibility.spec.ts:36:27

    attachment #1: video (video/webm) ──────────────────────────────────────────────────────────────
    test-results\accessibility-Accessibilit-24298-ave-proper-focus-management-chromium\video.webm
    ────────────────────────────────────────────────────────────────────────────────────────────────

    Error Context: ..\..\test-results\accessibility-Accessibilit-24298-ave-proper-focus-management-chromium\error-context.md
]]>
</failure>
<system-out>
<![CDATA[
[[ATTACHMENT|accessibility-Accessibilit-24298-ave-proper-focus-management-chromium\video.webm]]

[[ATTACHMENT|accessibility-Accessibilit-24298-ave-proper-focus-management-chromium\error-context.md]]
]]>
</system-out>
</testcase>
<testcase name="Accessibility Compliance › should support keyboard navigation throughout app" classname="accessibility.spec.ts" time="5.455">
</testcase>
<testcase name="Accessibility Compliance › should have proper ARIA labels and descriptions" classname="accessibility.spec.ts" time="6.624">
</testcase>
<testcase name="Accessibility Compliance › should have proper color contrast" classname="accessibility.spec.ts" time="8.384">
<failure message="accessibility.spec.ts:93:3 should have proper color contrast" type="FAILURE">
<![CDATA[  [chromium] › accessibility.spec.ts:93:3 › Accessibility Compliance › should have proper color contrast 

    Error: Timed out 5000ms waiting for expect(locator).toBeVisible()

    Locator: locator('[data-testid="score-display"]')
    Expected: visible
    Received: <element(s) not found>
    Call log:
      - Expect "toBeVisible" with timeout 5000ms
      - waiting for locator('[data-testid="score-display"]')


       99 |     
      100 |     // Elements should still be visible and properly styled
    > 101 |     await expect(page.locator('[data-testid="score-display"]')).toBeVisible();
          |                                                                 ^
      102 |     await expect(page.locator('[data-testid="voice-input"]')).toBeVisible();
      103 |     
      104 |     // Test high contrast preference
        at c:\Users\cedric\Desktop\box\01-Projects\Web\game\dialect-game\tests\e2e\accessibility.spec.ts:101:65

    attachment #1: screenshot (image/png) ──────────────────────────────────────────────────────────
    test-results\accessibility-Accessibilit-ea7c3--have-proper-color-contrast-chromium\test-failed-1.png
    ────────────────────────────────────────────────────────────────────────────────────────────────

    attachment #2: video (video/webm) ──────────────────────────────────────────────────────────────
    test-results\accessibility-Accessibilit-ea7c3--have-proper-color-contrast-chromium\video.webm
    ────────────────────────────────────────────────────────────────────────────────────────────────

    Error Context: ..\..\test-results\accessibility-Accessibilit-ea7c3--have-proper-color-contrast-chromium\error-context.md
]]>
</failure>
<system-out>
<![CDATA[
[[ATTACHMENT|accessibility-Accessibilit-ea7c3--have-proper-color-contrast-chromium\test-failed-1.png]]

[[ATTACHMENT|accessibility-Accessibilit-ea7c3--have-proper-color-contrast-chromium\video.webm]]

[[ATTACHMENT|accessibility-Accessibilit-ea7c3--have-proper-color-contrast-chromium\error-context.md]]
]]>
</system-out>
</testcase>
<testcase name="Accessibility Compliance › should support screen reader announcements" classname="accessibility.spec.ts" time="2.182">
<failure message="accessibility.spec.ts:120:3 should support screen reader announcements" type="FAILURE">
<![CDATA[  [chromium] › accessibility.spec.ts:120:3 › Accessibility Compliance › should support screen reader announcements 

    Error: expect(received).toBe(expected) // Object.is equality

    Expected: false
    Received: true

      139 |       const firstSrOnly = srOnly.first();
      140 |       const isVisible = await firstSrOnly.isVisible();
    > 141 |       expect(isVisible).toBe(false); // Should be hidden visually
          |                         ^
      142 |       
      143 |       const content = await firstSrOnly.textContent();
      144 |       expect(content).toBeTruthy(); // But should have content
        at c:\Users\cedric\Desktop\box\01-Projects\Web\game\dialect-game\tests\e2e\accessibility.spec.ts:141:25

    attachment #1: screenshot (image/png) ──────────────────────────────────────────────────────────
    test-results\accessibility-Accessibilit-efa4e-screen-reader-announcements-chromium\test-failed-1.png
    ────────────────────────────────────────────────────────────────────────────────────────────────

    attachment #2: video (video/webm) ──────────────────────────────────────────────────────────────
    test-results\accessibility-Accessibilit-efa4e-screen-reader-announcements-chromium\video.webm
    ────────────────────────────────────────────────────────────────────────────────────────────────

    Error Context: ..\..\test-results\accessibility-Accessibilit-efa4e-screen-reader-announcements-chromium\error-context.md
]]>
</failure>
<system-out>
<![CDATA[
[[ATTACHMENT|accessibility-Accessibilit-efa4e-screen-reader-announcements-chromium\test-failed-1.png]]

[[ATTACHMENT|accessibility-Accessibilit-efa4e-screen-reader-announcements-chromium\video.webm]]

[[ATTACHMENT|accessibility-Accessibilit-efa4e-screen-reader-announcements-chromium\error-context.md]]
]]>
</system-out>
</testcase>
<testcase name="Accessibility Compliance › should have proper form labels and validation" classname="accessibility.spec.ts" time="1.332">
</testcase>
<testcase name="Accessibility Compliance › should handle reduced motion preferences" classname="accessibility.spec.ts" time="1.786">
</testcase>
<testcase name="Accessibility Compliance › should support zoom up to 200%" classname="accessibility.spec.ts" time="2.317">
</testcase>
<testcase name="Accessibility Compliance › should work without JavaScript (progressive enhancement)" classname="accessibility.spec.ts" time="1.578">
<failure message="accessibility.spec.ts:226:3 should work without JavaScript (progressive enhancement)" type="FAILURE">
<![CDATA[  [chromium] › accessibility.spec.ts:226:3 › Accessibility Compliance › should work without JavaScript (progressive enhancement) 

    Error: expect(received).toContain(expected) // indexOf

    Expected substring: "JavaScript"
    Received string:    ""

      237 |     if (noscriptCount > 0) {
      238 |       const noscriptText = await noscriptContent.textContent();
    > 239 |       expect(noscriptText).toContain('JavaScript');
          |                            ^
      240 |     }
      241 |   });
      242 | });
        at c:\Users\cedric\Desktop\box\01-Projects\Web\game\dialect-game\tests\e2e\accessibility.spec.ts:239:28

    attachment #1: screenshot (image/png) ──────────────────────────────────────────────────────────
    test-results\accessibility-Accessibilit-8c14c-pt-progressive-enhancement--chromium\test-failed-1.png
    ────────────────────────────────────────────────────────────────────────────────────────────────

    attachment #2: video (video/webm) ──────────────────────────────────────────────────────────────
    test-results\accessibility-Accessibilit-8c14c-pt-progressive-enhancement--chromium\video.webm
    ────────────────────────────────────────────────────────────────────────────────────────────────

    Error Context: ..\..\test-results\accessibility-Accessibilit-8c14c-pt-progressive-enhancement--chromium\error-context.md
]]>
</failure>
<system-out>
<![CDATA[
[[ATTACHMENT|accessibility-Accessibilit-8c14c-pt-progressive-enhancement--chromium\test-failed-1.png]]

[[ATTACHMENT|accessibility-Accessibilit-8c14c-pt-progressive-enhancement--chromium\video.webm]]

[[ATTACHMENT|accessibility-Accessibilit-8c14c-pt-progressive-enhancement--chromium\error-context.md]]
]]>
</system-out>
</testcase>
<testcase name="Mobile Accessibility › should support touch navigation" classname="accessibility.spec.ts" time="1.256">
<failure message="accessibility.spec.ts:251:3 should support touch navigation" type="FAILURE">
<![CDATA[  [chromium] › accessibility.spec.ts:251:3 › Mobile Accessibility › should support touch navigation 

    Error: expect(received).toBeGreaterThanOrEqual(expected)

    Expected: >= 44
    Received:    16

      260 |       if (box) {
      261 |         // Touch targets should be at least 44x44px
    > 262 |         expect(Math.min(box.width, box.height)).toBeGreaterThanOrEqual(44);
          |                                                 ^
      263 |       }
      264 |     }
      265 |   });
        at c:\Users\cedric\Desktop\box\01-Projects\Web\game\dialect-game\tests\e2e\accessibility.spec.ts:262:49

    attachment #1: screenshot (image/png) ──────────────────────────────────────────────────────────
    test-results\accessibility-Mobile-Acces-38a50-ld-support-touch-navigation-chromium\test-failed-1.png
    ────────────────────────────────────────────────────────────────────────────────────────────────

    attachment #2: video (video/webm) ──────────────────────────────────────────────────────────────
    test-results\accessibility-Mobile-Acces-38a50-ld-support-touch-navigation-chromium\video.webm
    ────────────────────────────────────────────────────────────────────────────────────────────────

    Error Context: ..\..\test-results\accessibility-Mobile-Acces-38a50-ld-support-touch-navigation-chromium\error-context.md
]]>
</failure>
<system-out>
<![CDATA[
[[ATTACHMENT|accessibility-Mobile-Acces-38a50-ld-support-touch-navigation-chromium\test-failed-1.png]]

[[ATTACHMENT|accessibility-Mobile-Acces-38a50-ld-support-touch-navigation-chromium\video.webm]]

[[ATTACHMENT|accessibility-Mobile-Acces-38a50-ld-support-touch-navigation-chromium\error-context.md]]
]]>
</system-out>
</testcase>
<testcase name="Mobile Accessibility › should work with screen orientation changes" classname="accessibility.spec.ts" time="1.616">
</testcase>
<testcase name="Mobile Accessibility › should support voice control and assistive technologies" classname="accessibility.spec.ts" time="1.751">
</testcase>
<testcase name="Error State Accessibility › should announce errors to screen readers" classname="accessibility.spec.ts" time="1.462">
</testcase>
<testcase name="Error State Accessibility › should provide clear error recovery paths" classname="accessibility.spec.ts" time="2.285">
</testcase>
<testcase name="Error State Accessibility › should maintain focus after errors" classname="accessibility.spec.ts" time="2.151">
</testcase>
</testsuite>
<testsuite name="gameFlow.spec.ts" timestamp="2025-06-15T04:11:47.487Z" hostname="chromium" tests="17" failures="7" skipped="0" time="187.188" errors="0">
<testcase name="Main Game Flow › should load the application successfully" classname="gameFlow.spec.ts" time="1.657">
</testcase>
<testcase name="Main Game Flow › should navigate from menu to game" classname="gameFlow.spec.ts" time="3.167">
</testcase>
<testcase name="Main Game Flow › should display score and statistics correctly" classname="gameFlow.spec.ts" time="3.427">
</testcase>
<testcase name="Main Game Flow › should handle voice input interaction" classname="gameFlow.spec.ts" time="3.72">
</testcase>
<testcase name="Main Game Flow › should show game over state" classname="gameFlow.spec.ts" time="1.484">
</testcase>
<testcase name="Main Game Flow › should handle responsive design" classname="gameFlow.spec.ts" time="7.988">
<failure message="gameFlow.spec.ts:86:3 should handle responsive design" type="FAILURE">
<![CDATA[  [chromium] › gameFlow.spec.ts:86:3 › Main Game Flow › should handle responsive design ────────────

    Error: Timed out 5000ms waiting for expect(locator).not.toHaveClass(expected)

    Locator: locator('[data-testid="score-display"]')
    Expected pattern: not /compact-layout/
    Received: <element(s) not found>
    Call log:
      - Expect "not toHaveClass" with timeout 5000ms
      - waiting for locator('[data-testid="score-display"]')


      90 |     
      91 |     const scoreDisplay = page.locator('[data-testid="score-display"]');
    > 92 |     await expect(scoreDisplay).not.toHaveClass(/compact-layout/);
         |                                    ^
      93 |     
      94 |     // Test mobile view
      95 |     await page.setViewportSize({ width: 375, height: 667 });
        at c:\Users\cedric\Desktop\box\01-Projects\Web\game\dialect-game\tests\e2e\gameFlow.spec.ts:92:36

    attachment #1: screenshot (image/png) ──────────────────────────────────────────────────────────
    test-results\gameFlow-Main-Game-Flow-should-handle-responsive-design-chromium\test-failed-1.png
    ────────────────────────────────────────────────────────────────────────────────────────────────

    attachment #2: video (video/webm) ──────────────────────────────────────────────────────────────
    test-results\gameFlow-Main-Game-Flow-should-handle-responsive-design-chromium\video.webm
    ────────────────────────────────────────────────────────────────────────────────────────────────

    Error Context: ..\..\test-results\gameFlow-Main-Game-Flow-should-handle-responsive-design-chromium\error-context.md
]]>
</failure>
<system-out>
<![CDATA[
[[ATTACHMENT|gameFlow-Main-Game-Flow-should-handle-responsive-design-chromium\test-failed-1.png]]

[[ATTACHMENT|gameFlow-Main-Game-Flow-should-handle-responsive-design-chromium\video.webm]]

[[ATTACHMENT|gameFlow-Main-Game-Flow-should-handle-responsive-design-chromium\error-context.md]]
]]>
</system-out>
</testcase>
<testcase name="Main Game Flow › should persist game state on page refresh" classname="gameFlow.spec.ts" time="32.054">
<failure message="gameFlow.spec.ts:101:3 should persist game state on page refresh" type="FAILURE">
<![CDATA[  [chromium] › gameFlow.spec.ts:101:3 › Main Game Flow › should persist game state on page refresh ─

    Test timeout of 30000ms exceeded.

    Error: locator.textContent: Test timeout of 30000ms exceeded.
    Call log:
      - waiting for locator('[data-testid="score-value"]')


      110 |     
      111 |     // Score might be reset or persisted depending on implementation
    > 112 |     const currentScore = await page.locator('[data-testid="score-value"]').textContent();
          |                                                                            ^
      113 |     expect(currentScore).toBeDefined();
      114 |   });
      115 | });
        at c:\Users\cedric\Desktop\box\01-Projects\Web\game\dialect-game\tests\e2e\gameFlow.spec.ts:112:76

    attachment #1: screenshot (image/png) ──────────────────────────────────────────────────────────
    test-results\gameFlow-Main-Game-Flow-sh-46240--game-state-on-page-refresh-chromium\test-failed-1.png
    ────────────────────────────────────────────────────────────────────────────────────────────────

    attachment #2: video (video/webm) ──────────────────────────────────────────────────────────────
    test-results\gameFlow-Main-Game-Flow-sh-46240--game-state-on-page-refresh-chromium\video.webm
    ────────────────────────────────────────────────────────────────────────────────────────────────

    Error Context: ..\..\test-results\gameFlow-Main-Game-Flow-sh-46240--game-state-on-page-refresh-chromium\error-context.md
]]>
</failure>
<system-out>
<![CDATA[
[[ATTACHMENT|gameFlow-Main-Game-Flow-sh-46240--game-state-on-page-refresh-chromium\test-failed-1.png]]

[[ATTACHMENT|gameFlow-Main-Game-Flow-sh-46240--game-state-on-page-refresh-chromium\video.webm]]

[[ATTACHMENT|gameFlow-Main-Game-Flow-sh-46240--game-state-on-page-refresh-chromium\error-context.md]]
]]>
</system-out>
</testcase>
<testcase name="Game Mechanics › should update score when correct answers are given" classname="gameFlow.spec.ts" time="2.304">
</testcase>
<testcase name="Game Mechanics › should show milestone celebrations" classname="gameFlow.spec.ts" time="2.05">
</testcase>
<testcase name="Game Mechanics › should handle level progression" classname="gameFlow.spec.ts" time="7.821">
<failure message="gameFlow.spec.ts:141:3 should handle level progression" type="FAILURE">
<![CDATA[  [chromium] › gameFlow.spec.ts:141:3 › Game Mechanics › should handle level progression ───────────

    Error: Timed out 5000ms waiting for expect(locator).toBeVisible()

    Locator: locator('[data-testid="level-progress"]')
    Expected: visible
    Received: hidden
    Call log:
      - Expect "toBeVisible" with timeout 5000ms
      - waiting for locator('[data-testid="level-progress"]')
        7 × locator resolved to <div aria-valuenow="0" aria-valuemin="0" role="progressbar" aria-valuemax="100" class="progress-bar" data-testid="level-progress">…</div>
          - unexpected value "hidden"


      144 |     
      145 |     await expect(levelDisplay).toBeVisible();
    > 146 |     await expect(progressBar).toBeVisible();
          |                               ^
      147 |     
      148 |     // Check progress bar has correct attributes
      149 |     await expect(progressBar).toHaveAttribute('role', 'progressbar');
        at c:\Users\cedric\Desktop\box\01-Projects\Web\game\dialect-game\tests\e2e\gameFlow.spec.ts:146:31

    attachment #1: screenshot (image/png) ──────────────────────────────────────────────────────────
    test-results\gameFlow-Game-Mechanics-should-handle-level-progression-chromium\test-failed-1.png
    ────────────────────────────────────────────────────────────────────────────────────────────────

    attachment #2: video (video/webm) ──────────────────────────────────────────────────────────────
    test-results\gameFlow-Game-Mechanics-should-handle-level-progression-chromium\video.webm
    ────────────────────────────────────────────────────────────────────────────────────────────────

    Error Context: ..\..\test-results\gameFlow-Game-Mechanics-should-handle-level-progression-chromium\error-context.md
]]>
</failure>
<system-out>
<![CDATA[
[[ATTACHMENT|gameFlow-Game-Mechanics-should-handle-level-progression-chromium\test-failed-1.png]]

[[ATTACHMENT|gameFlow-Game-Mechanics-should-handle-level-progression-chromium\video.webm]]

[[ATTACHMENT|gameFlow-Game-Mechanics-should-handle-level-progression-chromium\error-context.md]]
]]>
</system-out>
</testcase>
<testcase name="Accessibility › should be keyboard navigable" classname="gameFlow.spec.ts" time="6.504">
<failure message="gameFlow.spec.ts:154:3 should be keyboard navigable" type="FAILURE">
<![CDATA[  [chromium] › gameFlow.spec.ts:154:3 › Accessibility › should be keyboard navigable ───────────────

    Error: Timed out 5000ms waiting for expect(locator).toBeVisible()

    Locator: locator(':focus')
    Expected: visible
    Received: <element(s) not found>
    Call log:
      - Expect "toBeVisible" with timeout 5000ms
      - waiting for locator(':focus')


      158 |     // First focusable element should be focused
      159 |     const focusedElement = page.locator(':focus');
    > 160 |     await expect(focusedElement).toBeVisible();
          |                                  ^
      161 |     
      162 |     // Continue tabbing through interactive elements
      163 |     await page.keyboard.press('Tab');
        at c:\Users\cedric\Desktop\box\01-Projects\Web\game\dialect-game\tests\e2e\gameFlow.spec.ts:160:34

    attachment #1: screenshot (image/png) ──────────────────────────────────────────────────────────
    test-results\gameFlow-Accessibility-should-be-keyboard-navigable-chromium\test-failed-1.png
    ────────────────────────────────────────────────────────────────────────────────────────────────

    attachment #2: video (video/webm) ──────────────────────────────────────────────────────────────
    test-results\gameFlow-Accessibility-should-be-keyboard-navigable-chromium\video.webm
    ────────────────────────────────────────────────────────────────────────────────────────────────
]]>
</failure>
<system-out>
<![CDATA[
[[ATTACHMENT|gameFlow-Accessibility-should-be-keyboard-navigable-chromium\test-failed-1.png]]

[[ATTACHMENT|gameFlow-Accessibility-should-be-keyboard-navigable-chromium\video.webm]]
]]>
</system-out>
</testcase>
<testcase name="Accessibility › should have proper ARIA labels" classname="gameFlow.spec.ts" time="34.803">
<failure message="gameFlow.spec.ts:167:3 should have proper ARIA labels" type="FAILURE">
<![CDATA[  [chromium] › gameFlow.spec.ts:167:3 › Accessibility › should have proper ARIA labels ─────────────

    Test timeout of 30000ms exceeded.

    Error: page.click: Test timeout of 30000ms exceeded.
    Call log:
      - waiting for locator('[data-testid="start-game-button"]')


      166 |
      167 |   test('should have proper ARIA labels', async ({ page }) => {
    > 168 |     await page.click('[data-testid="start-game-button"]');
          |                ^
      169 |     
      170 |     // Check important elements have ARIA labels
      171 |     const canvas = page.locator('[data-testid="game-canvas"] canvas');
        at c:\Users\cedric\Desktop\box\01-Projects\Web\game\dialect-game\tests\e2e\gameFlow.spec.ts:168:16

    attachment #1: screenshot (image/png) ──────────────────────────────────────────────────────────
    test-results\gameFlow-Accessibility-should-have-proper-ARIA-labels-chromium\test-failed-1.png
    ────────────────────────────────────────────────────────────────────────────────────────────────

    attachment #2: video (video/webm) ──────────────────────────────────────────────────────────────
    test-results\gameFlow-Accessibility-should-have-proper-ARIA-labels-chromium\video.webm
    ────────────────────────────────────────────────────────────────────────────────────────────────
]]>
</failure>
<system-out>
<![CDATA[
[[ATTACHMENT|gameFlow-Accessibility-should-have-proper-ARIA-labels-chromium\test-failed-1.png]]

[[ATTACHMENT|gameFlow-Accessibility-should-have-proper-ARIA-labels-chromium\video.webm]]
]]>
</system-out>
</testcase>
<testcase name="Accessibility › should work with screen reader announcements" classname="gameFlow.spec.ts" time="36.902">
<failure message="gameFlow.spec.ts:181:3 should work with screen reader announcements" type="FAILURE">
<![CDATA[  [chromium] › gameFlow.spec.ts:181:3 › Accessibility › should work with screen reader announcements 

    Test timeout of 30000ms exceeded.

    Error: page.click: Test timeout of 30000ms exceeded.
    Call log:
      - waiting for locator('[data-testid="start-game-button"]')


      180 |
      181 |   test('should work with screen reader announcements', async ({ page }) => {
    > 182 |     await page.click('[data-testid="start-game-button"]');
          |                ^
      183 |     
      184 |     // Check for screen reader content
      185 |     const srOnly = page.locator('.sr-only');
        at c:\Users\cedric\Desktop\box\01-Projects\Web\game\dialect-game\tests\e2e\gameFlow.spec.ts:182:16

    attachment #1: screenshot (image/png) ──────────────────────────────────────────────────────────
    test-results\gameFlow-Accessibility-sho-30846-screen-reader-announcements-chromium\test-failed-1.png
    ────────────────────────────────────────────────────────────────────────────────────────────────

    attachment #2: video (video/webm) ──────────────────────────────────────────────────────────────
    test-results\gameFlow-Accessibility-sho-30846-screen-reader-announcements-chromium\video.webm
    ────────────────────────────────────────────────────────────────────────────────────────────────
]]>
</failure>
<system-out>
<![CDATA[
[[ATTACHMENT|gameFlow-Accessibility-sho-30846-screen-reader-announcements-chromium\test-failed-1.png]]

[[ATTACHMENT|gameFlow-Accessibility-sho-30846-screen-reader-announcements-chromium\video.webm]]
]]>
</system-out>
</testcase>
<testcase name="Accessibility › should support high contrast mode" classname="gameFlow.spec.ts" time="0.733">
</testcase>
<testcase name="Performance › should load within acceptable time" classname="gameFlow.spec.ts" time="1.328">
</testcase>
<testcase name="Performance › should maintain 60fps during gameplay" classname="gameFlow.spec.ts" time="2.508">
</testcase>
<testcase name="Performance › should not have memory leaks" classname="gameFlow.spec.ts" time="38.738">
<failure message="gameFlow.spec.ts:246:3 should not have memory leaks" type="FAILURE">
<![CDATA[  [chromium] › gameFlow.spec.ts:246:3 › Performance › should not have memory leaks ─────────────────

    Test timeout of 30000ms exceeded.

    Error: page.click: Test timeout of 30000ms exceeded.
    Call log:
      - waiting for locator('[data-testid="start-game-button"]')


      247 |     // Start and stop game multiple times
      248 |     for (let i = 0; i < 3; i++) {
    > 249 |       await page.click('[data-testid="start-game-button"]');
          |                  ^
      250 |       await page.waitForTimeout(1000);
      251 |       
      252 |       // Navigate back to menu if possible
        at c:\Users\cedric\Desktop\box\01-Projects\Web\game\dialect-game\tests\e2e\gameFlow.spec.ts:249:18

    attachment #1: screenshot (image/png) ──────────────────────────────────────────────────────────
    test-results\gameFlow-Performance-should-not-have-memory-leaks-chromium\test-failed-1.png
    ────────────────────────────────────────────────────────────────────────────────────────────────

    attachment #2: video (video/webm) ──────────────────────────────────────────────────────────────
    test-results\gameFlow-Performance-should-not-have-memory-leaks-chromium\video.webm
    ────────────────────────────────────────────────────────────────────────────────────────────────
]]>
</failure>
<system-out>
<![CDATA[
[[ATTACHMENT|gameFlow-Performance-should-not-have-memory-leaks-chromium\test-failed-1.png]]

[[ATTACHMENT|gameFlow-Performance-should-not-have-memory-leaks-chromium\video.webm]]
]]>
</system-out>
</testcase>
</testsuite>
<testsuite name="voiceInteraction.spec.ts" timestamp="2025-06-15T04:11:47.487Z" hostname="chromium" tests="20" failures="5" skipped="0" time="57.932" errors="0">
<testcase name="Voice Interaction Flow › should display voice input interface" classname="voiceInteraction.spec.ts" time="7.406">
<failure message="voiceInteraction.spec.ts:19:3 should display voice input interface" type="FAILURE">
<![CDATA[  [chromium] › voiceInteraction.spec.ts:19:3 › Voice Interaction Flow › should display voice input interface 

    Error: Timed out 5000ms waiting for expect(locator).toContainText(expected)

    Locator: locator('.voice-status')
    Expected pattern: /click to speak/i
    Received string:  "Say the word you hear..."
    Call log:
      - Expect "toContainText" with timeout 5000ms
      - waiting for locator('.voice-status')
        9 × locator resolved to <div role="status" id="voice-status" aria-live="polite" class="voice-status">Say the word you hear...</div>
          - unexpected value "Say the word you hear..."


      27 |     
      28 |     // Should show initial placeholder
    > 29 |     await expect(page.locator('.voice-status')).toContainText(/click to speak/i);
         |                                                 ^
      30 |   });
      31 |
      32 |   test('should handle microphone button click', async ({ page }) => {
        at c:\Users\cedric\Desktop\box\01-Projects\Web\game\dialect-game\tests\e2e\voiceInteraction.spec.ts:29:49

    attachment #1: screenshot (image/png) ──────────────────────────────────────────────────────────
    test-results\voiceInteraction-Voice-Int-612e6-splay-voice-input-interface-chromium\test-failed-1.png
    ────────────────────────────────────────────────────────────────────────────────────────────────

    attachment #2: video (video/webm) ──────────────────────────────────────────────────────────────
    test-results\voiceInteraction-Voice-Int-612e6-splay-voice-input-interface-chromium\video.webm
    ────────────────────────────────────────────────────────────────────────────────────────────────

    Error Context: ..\..\test-results\voiceInteraction-Voice-Int-612e6-splay-voice-input-interface-chromium\error-context.md
]]>
</failure>
<system-out>
<![CDATA[
[[ATTACHMENT|voiceInteraction-Voice-Int-612e6-splay-voice-input-interface-chromium\test-failed-1.png]]

[[ATTACHMENT|voiceInteraction-Voice-Int-612e6-splay-voice-input-interface-chromium\video.webm]]

[[ATTACHMENT|voiceInteraction-Voice-Int-612e6-splay-voice-input-interface-chromium\error-context.md]]
]]>
</system-out>
</testcase>
<testcase name="Voice Interaction Flow › should handle microphone button click" classname="voiceInteraction.spec.ts" time="3.208">
<failure message="voiceInteraction.spec.ts:32:3 should handle microphone button click" type="FAILURE">
<![CDATA[  [chromium] › voiceInteraction.spec.ts:32:3 › Voice Interaction Flow › should handle microphone button click 

    Error: expect(received).toBe(expected) // Object.is equality

    Expected: true
    Received: false

      46 |     const isUnsupported = await page.locator('.voice-input-unsupported').isVisible();
      47 |     
    > 48 |     expect(isListening || isUnsupported).toBe(true);
         |                                          ^
      49 |   });
      50 |
      51 |   test('should show visual feedback during recording', async ({ page }) => {
        at c:\Users\cedric\Desktop\box\01-Projects\Web\game\dialect-game\tests\e2e\voiceInteraction.spec.ts:48:42

    attachment #1: screenshot (image/png) ──────────────────────────────────────────────────────────
    test-results\voiceInteraction-Voice-Int-8f699-dle-microphone-button-click-chromium\test-failed-1.png
    ────────────────────────────────────────────────────────────────────────────────────────────────

    attachment #2: video (video/webm) ──────────────────────────────────────────────────────────────
    test-results\voiceInteraction-Voice-Int-8f699-dle-microphone-button-click-chromium\video.webm
    ────────────────────────────────────────────────────────────────────────────────────────────────

    Error Context: ..\..\test-results\voiceInteraction-Voice-Int-8f699-dle-microphone-button-click-chromium\error-context.md
]]>
</failure>
<system-out>
<![CDATA[
[[ATTACHMENT|voiceInteraction-Voice-Int-8f699-dle-microphone-button-click-chromium\test-failed-1.png]]

[[ATTACHMENT|voiceInteraction-Voice-Int-8f699-dle-microphone-button-click-chromium\video.webm]]

[[ATTACHMENT|voiceInteraction-Voice-Int-8f699-dle-microphone-button-click-chromium\error-context.md]]
]]>
</system-out>
</testcase>
<testcase name="Voice Interaction Flow › should show visual feedback during recording" classname="voiceInteraction.spec.ts" time="2.861">
</testcase>
<testcase name="Voice Interaction Flow › should handle keyboard interactions" classname="voiceInteraction.spec.ts" time="2.577">
<failure message="voiceInteraction.spec.ts:70:3 should handle keyboard interactions" type="FAILURE">
<![CDATA[  [chromium] › voiceInteraction.spec.ts:70:3 › Voice Interaction Flow › should handle keyboard interactions 

    Error: expect(received).toBe(expected) // Object.is equality

    Expected: true
    Received: false

      83 |     const hasError = await page.locator('.voice-input-unsupported').isVisible();
      84 |     
    > 85 |     expect(isActive || hasError).toBe(true);
         |                                  ^
      86 |   });
      87 |
      88 |   test('should display error messages appropriately', async ({ page }) => {
        at c:\Users\cedric\Desktop\box\01-Projects\Web\game\dialect-game\tests\e2e\voiceInteraction.spec.ts:85:34

    attachment #1: screenshot (image/png) ──────────────────────────────────────────────────────────
    test-results\voiceInteraction-Voice-Int-0c796-andle-keyboard-interactions-chromium\test-failed-1.png
    ────────────────────────────────────────────────────────────────────────────────────────────────

    attachment #2: video (video/webm) ──────────────────────────────────────────────────────────────
    test-results\voiceInteraction-Voice-Int-0c796-andle-keyboard-interactions-chromium\video.webm
    ────────────────────────────────────────────────────────────────────────────────────────────────

    Error Context: ..\..\test-results\voiceInteraction-Voice-Int-0c796-andle-keyboard-interactions-chromium\error-context.md
]]>
</failure>
<system-out>
<![CDATA[
[[ATTACHMENT|voiceInteraction-Voice-Int-0c796-andle-keyboard-interactions-chromium\test-failed-1.png]]

[[ATTACHMENT|voiceInteraction-Voice-Int-0c796-andle-keyboard-interactions-chromium\video.webm]]

[[ATTACHMENT|voiceInteraction-Voice-Int-0c796-andle-keyboard-interactions-chromium\error-context.md]]
]]>
</system-out>
</testcase>
<testcase name="Voice Interaction Flow › should display error messages appropriately" classname="voiceInteraction.spec.ts" time="1.258">
</testcase>
<testcase name="Voice Interaction Flow › should show retry button on errors" classname="voiceInteraction.spec.ts" time="3.487">
</testcase>
<testcase name="Voice Input States › should handle idle state correctly" classname="voiceInteraction.spec.ts" time="2.651">
</testcase>
<testcase name="Voice Input States › should show processing state when available" classname="voiceInteraction.spec.ts" time="1.301">
</testcase>
<testcase name="Voice Input States › should display confidence indicators when enabled" classname="voiceInteraction.spec.ts" time="1.189">
</testcase>
<testcase name="Voice Input States › should show transcript preview when enabled" classname="voiceInteraction.spec.ts" time="1.556">
</testcase>
<testcase name="Voice Input States › should display volume level indicator" classname="voiceInteraction.spec.ts" time="1.548">
</testcase>
<testcase name="Voice Accessibility › should have proper ARIA attributes" classname="voiceInteraction.spec.ts" time="2.393">
</testcase>
<testcase name="Voice Accessibility › should announce state changes to screen readers" classname="voiceInteraction.spec.ts" time="1.805">
</testcase>
<testcase name="Voice Accessibility › should support keyboard-only navigation" classname="voiceInteraction.spec.ts" time="2.002">
</testcase>
<testcase name="Voice Accessibility › should work with reduced motion preferences" classname="voiceInteraction.spec.ts" time="4.035">
</testcase>
<testcase name="Voice Input Error Handling › should handle permission denied gracefully" classname="voiceInteraction.spec.ts" time="3.896">
</testcase>
<testcase name="Voice Input Error Handling › should provide fallback for unsupported browsers" classname="voiceInteraction.spec.ts" time="1.731">
<failure message="voiceInteraction.spec.ts:276:3 should provide fallback for unsupported browsers" type="FAILURE">
<![CDATA[  [chromium] › voiceInteraction.spec.ts:276:3 › Voice Input Error Handling › should provide fallback for unsupported browsers 

    Error: expect(received).toBe(expected) // Object.is equality

    Expected: true
    Received: false

      287 |     const showsUnsupported = await unsupportedMessage.isVisible();
      288 |     
    > 289 |     expect(hasVoiceInput || showsUnsupported).toBe(true);
          |                                               ^
      290 |     
      291 |     if (showsUnsupported) {
      292 |       await expect(unsupportedMessage).toContainText(/not supported/i);
        at c:\Users\cedric\Desktop\box\01-Projects\Web\game\dialect-game\tests\e2e\voiceInteraction.spec.ts:289:47

    attachment #1: screenshot (image/png) ──────────────────────────────────────────────────────────
    test-results\voiceInteraction-Voice-Inp-1448d-ck-for-unsupported-browsers-chromium\test-failed-1.png
    ────────────────────────────────────────────────────────────────────────────────────────────────

    attachment #2: video (video/webm) ──────────────────────────────────────────────────────────────
    test-results\voiceInteraction-Voice-Inp-1448d-ck-for-unsupported-browsers-chromium\video.webm
    ────────────────────────────────────────────────────────────────────────────────────────────────

    Error Context: ..\..\test-results\voiceInteraction-Voice-Inp-1448d-ck-for-unsupported-browsers-chromium\error-context.md
]]>
</failure>
<system-out>
<![CDATA[
[[ATTACHMENT|voiceInteraction-Voice-Inp-1448d-ck-for-unsupported-browsers-chromium\test-failed-1.png]]

[[ATTACHMENT|voiceInteraction-Voice-Inp-1448d-ck-for-unsupported-browsers-chromium\video.webm]]

[[ATTACHMENT|voiceInteraction-Voice-Inp-1448d-ck-for-unsupported-browsers-chromium\error-context.md]]
]]>
</system-out>
</testcase>
<testcase name="Voice Input Error Handling › should show network error messages" classname="voiceInteraction.spec.ts" time="4.561">
</testcase>
<testcase name="Voice Input Performance › should respond to interactions quickly" classname="voiceInteraction.spec.ts" time="3.699">
<failure message="voiceInteraction.spec.ts:320:3 should respond to interactions quickly" type="FAILURE">
<![CDATA[  [chromium] › voiceInteraction.spec.ts:320:3 › Voice Input Performance › should respond to interactions quickly 

    Error: expect(received).toBeLessThan(expected)

    Expected: < 200
    Received:   1241

      334 |     
      335 |     // Should respond within 200ms for good UX
    > 336 |     expect(responseTime).toBeLessThan(200);
          |                          ^
      337 |   });
      338 |
      339 |   test('should handle rapid button clicks', async ({ page }) => {
        at c:\Users\cedric\Desktop\box\01-Projects\Web\game\dialect-game\tests\e2e\voiceInteraction.spec.ts:336:26

    attachment #1: screenshot (image/png) ──────────────────────────────────────────────────────────
    test-results\voiceInteraction-Voice-Inp-48b70-ond-to-interactions-quickly-chromium\test-failed-1.png
    ────────────────────────────────────────────────────────────────────────────────────────────────

    attachment #2: video (video/webm) ──────────────────────────────────────────────────────────────
    test-results\voiceInteraction-Voice-Inp-48b70-ond-to-interactions-quickly-chromium\video.webm
    ────────────────────────────────────────────────────────────────────────────────────────────────

    Error Context: ..\..\test-results\voiceInteraction-Voice-Inp-48b70-ond-to-interactions-quickly-chromium\error-context.md
]]>
</failure>
<system-out>
<![CDATA[
[[ATTACHMENT|voiceInteraction-Voice-Inp-48b70-ond-to-interactions-quickly-chromium\test-failed-1.png]]

[[ATTACHMENT|voiceInteraction-Voice-Inp-48b70-ond-to-interactions-quickly-chromium\video.webm]]

[[ATTACHMENT|voiceInteraction-Voice-Inp-48b70-ond-to-interactions-quickly-chromium\error-context.md]]
]]>
</system-out>
</testcase>
<testcase name="Voice Input Performance › should handle rapid button clicks" classname="voiceInteraction.spec.ts" time="4.768">
</testcase>
</testsuite>
<testsuite name="accessibility.spec.ts" timestamp="2025-06-15T04:11:47.487Z" hostname="firefox" tests="16" failures="16" skipped="0" time="1.033" errors="0">
<testcase name="Accessibility Compliance › should have proper document structure" classname="accessibility.spec.ts" time="0.046">
<failure message="accessibility.spec.ts:13:3 should have proper document structure" type="FAILURE">
<![CDATA[  [firefox] › accessibility.spec.ts:13:3 › Accessibility Compliance › should have proper document structure 

    Error: browser.newContext: Unknown permission: microphone
]]>
</failure>
</testcase>
<testcase name="Accessibility Compliance › should have proper focus management" classname="accessibility.spec.ts" time="0.04">
<failure message="accessibility.spec.ts:28:3 should have proper focus management" type="FAILURE">
<![CDATA[  [firefox] › accessibility.spec.ts:28:3 › Accessibility Compliance › should have proper focus management 

    Error: browser.newContext: Unknown permission: microphone
]]>
</failure>
</testcase>
<testcase name="Accessibility Compliance › should support keyboard navigation throughout app" classname="accessibility.spec.ts" time="0.069">
<failure message="accessibility.spec.ts:42:3 should support keyboard navigation throughout app" type="FAILURE">
<![CDATA[  [firefox] › accessibility.spec.ts:42:3 › Accessibility Compliance › should support keyboard navigation throughout app 

    Error: browser.newContext: Unknown permission: microphone
]]>
</failure>
</testcase>
<testcase name="Accessibility Compliance › should have proper ARIA labels and descriptions" classname="accessibility.spec.ts" time="0.049">
<failure message="accessibility.spec.ts:75:3 should have proper ARIA labels and descriptions" type="FAILURE">
<![CDATA[  [firefox] › accessibility.spec.ts:75:3 › Accessibility Compliance › should have proper ARIA labels and descriptions 

    Error: browser.newContext: Unknown permission: microphone
]]>
</failure>
</testcase>
<testcase name="Accessibility Compliance › should have proper color contrast" classname="accessibility.spec.ts" time="0.061">
<failure message="accessibility.spec.ts:93:3 should have proper color contrast" type="FAILURE">
<![CDATA[  [firefox] › accessibility.spec.ts:93:3 › Accessibility Compliance › should have proper color contrast 

    Error: browser.newContext: Unknown permission: microphone
]]>
</failure>
</testcase>
<testcase name="Accessibility Compliance › should support screen reader announcements" classname="accessibility.spec.ts" time="0.155">
<failure message="accessibility.spec.ts:120:3 should support screen reader announcements" type="FAILURE">
<![CDATA[  [firefox] › accessibility.spec.ts:120:3 › Accessibility Compliance › should support screen reader announcements 

    Error: browser.newContext: Unknown permission: microphone
]]>
</failure>
</testcase>
<testcase name="Accessibility Compliance › should have proper form labels and validation" classname="accessibility.spec.ts" time="0.048">
<failure message="accessibility.spec.ts:148:3 should have proper form labels and validation" type="FAILURE">
<![CDATA[  [firefox] › accessibility.spec.ts:148:3 › Accessibility Compliance › should have proper form labels and validation 

    Error: browser.newContext: Unknown permission: microphone
]]>
</failure>
</testcase>
<testcase name="Accessibility Compliance › should handle reduced motion preferences" classname="accessibility.spec.ts" time="0.068">
<failure message="accessibility.spec.ts:171:3 should handle reduced motion preferences" type="FAILURE">
<![CDATA[  [firefox] › accessibility.spec.ts:171:3 › Accessibility Compliance › should handle reduced motion preferences 

    Error: browser.newContext: Unknown permission: microphone
]]>
</failure>
</testcase>
<testcase name="Accessibility Compliance › should support zoom up to 200%" classname="accessibility.spec.ts" time="0.048">
<failure message="accessibility.spec.ts:207:3 should support zoom up to 200%" type="FAILURE">
<![CDATA[  [firefox] › accessibility.spec.ts:207:3 › Accessibility Compliance › should support zoom up to 200% 

    Error: browser.newContext: Unknown permission: microphone
]]>
</failure>
</testcase>
<testcase name="Accessibility Compliance › should work without JavaScript (progressive enhancement)" classname="accessibility.spec.ts" time="0.055">
<failure message="accessibility.spec.ts:226:3 should work without JavaScript (progressive enhancement)" type="FAILURE">
<![CDATA[  [firefox] › accessibility.spec.ts:226:3 › Accessibility Compliance › should work without JavaScript (progressive enhancement) 

    Error: browser.newContext: Unknown permission: microphone
]]>
</failure>
</testcase>
<testcase name="Mobile Accessibility › should support touch navigation" classname="accessibility.spec.ts" time="0.072">
<failure message="accessibility.spec.ts:251:3 should support touch navigation" type="FAILURE">
<![CDATA[  [firefox] › accessibility.spec.ts:251:3 › Mobile Accessibility › should support touch navigation ─

    Error: browser.newContext: Unknown permission: microphone
]]>
</failure>
</testcase>
<testcase name="Mobile Accessibility › should work with screen orientation changes" classname="accessibility.spec.ts" time="0.058">
<failure message="accessibility.spec.ts:267:3 should work with screen orientation changes" type="FAILURE">
<![CDATA[  [firefox] › accessibility.spec.ts:267:3 › Mobile Accessibility › should work with screen orientation changes 

    Error: browser.newContext: Unknown permission: microphone
]]>
</failure>
</testcase>
<testcase name="Mobile Accessibility › should support voice control and assistive technologies" classname="accessibility.spec.ts" time="0.066">
<failure message="accessibility.spec.ts:287:3 should support voice control and assistive technologies" type="FAILURE">
<![CDATA[  [firefox] › accessibility.spec.ts:287:3 › Mobile Accessibility › should support voice control and assistive technologies 

    Error: browser.newContext: Unknown permission: microphone
]]>
</failure>
</testcase>
<testcase name="Error State Accessibility › should announce errors to screen readers" classname="accessibility.spec.ts" time="0.073">
<failure message="accessibility.spec.ts:307:3 should announce errors to screen readers" type="FAILURE">
<![CDATA[  [firefox] › accessibility.spec.ts:307:3 › Error State Accessibility › should announce errors to screen readers 

    Error: browser.newContext: Unknown permission: microphone
]]>
</failure>
</testcase>
<testcase name="Error State Accessibility › should provide clear error recovery paths" classname="accessibility.spec.ts" time="0.058">
<failure message="accessibility.spec.ts:330:3 should provide clear error recovery paths" type="FAILURE">
<![CDATA[  [firefox] › accessibility.spec.ts:330:3 › Error State Accessibility › should provide clear error recovery paths 

    Error: browser.newContext: Unknown permission: microphone
]]>
</failure>
</testcase>
<testcase name="Error State Accessibility › should maintain focus after errors" classname="accessibility.spec.ts" time="0.067">
<failure message="accessibility.spec.ts:356:3 should maintain focus after errors" type="FAILURE">
<![CDATA[  [firefox] › accessibility.spec.ts:356:3 › Error State Accessibility › should maintain focus after errors 

    Error: browser.newContext: Unknown permission: microphone
]]>
</failure>
</testcase>
</testsuite>
<testsuite name="gameFlow.spec.ts" timestamp="2025-06-15T04:11:47.487Z" hostname="firefox" tests="17" failures="17" skipped="0" time="1.298" errors="0">
<testcase name="Main Game Flow › should load the application successfully" classname="gameFlow.spec.ts" time="0.055">
<failure message="gameFlow.spec.ts:13:3 should load the application successfully" type="FAILURE">
<![CDATA[  [firefox] › gameFlow.spec.ts:13:3 › Main Game Flow › should load the application successfully ────

    Error: browser.newContext: Unknown permission: microphone
]]>
</failure>
</testcase>
<testcase name="Main Game Flow › should navigate from menu to game" classname="gameFlow.spec.ts" time="0.055">
<failure message="gameFlow.spec.ts:21:3 should navigate from menu to game" type="FAILURE">
<![CDATA[  [firefox] › gameFlow.spec.ts:21:3 › Main Game Flow › should navigate from menu to game ───────────

    Error: browser.newContext: Unknown permission: microphone
]]>
</failure>
</testcase>
<testcase name="Main Game Flow › should display score and statistics correctly" classname="gameFlow.spec.ts" time="0.167">
<failure message="gameFlow.spec.ts:34:3 should display score and statistics correctly" type="FAILURE">
<![CDATA[  [firefox] › gameFlow.spec.ts:34:3 › Main Game Flow › should display score and statistics correctly 

    Error: browser.newContext: Unknown permission: microphone
]]>
</failure>
</testcase>
<testcase name="Main Game Flow › should handle voice input interaction" classname="gameFlow.spec.ts" time="0.053">
<failure message="gameFlow.spec.ts:49:3 should handle voice input interaction" type="FAILURE">
<![CDATA[  [firefox] › gameFlow.spec.ts:49:3 › Main Game Flow › should handle voice input interaction ───────

    Error: browser.newContext: Unknown permission: microphone
]]>
</failure>
</testcase>
<testcase name="Main Game Flow › should show game over state" classname="gameFlow.spec.ts" time="0.07">
<failure message="gameFlow.spec.ts:69:3 should show game over state" type="FAILURE">
<![CDATA[  [firefox] › gameFlow.spec.ts:69:3 › Main Game Flow › should show game over state ─────────────────

    Error: browser.newContext: Unknown permission: microphone
]]>
</failure>
</testcase>
<testcase name="Main Game Flow › should handle responsive design" classname="gameFlow.spec.ts" time="0.06">
<failure message="gameFlow.spec.ts:86:3 should handle responsive design" type="FAILURE">
<![CDATA[  [firefox] › gameFlow.spec.ts:86:3 › Main Game Flow › should handle responsive design ─────────────

    Error: browser.newContext: Unknown permission: microphone
]]>
</failure>
</testcase>
<testcase name="Main Game Flow › should persist game state on page refresh" classname="gameFlow.spec.ts" time="0.054">
<failure message="gameFlow.spec.ts:101:3 should persist game state on page refresh" type="FAILURE">
<![CDATA[  [firefox] › gameFlow.spec.ts:101:3 › Main Game Flow › should persist game state on page refresh ──

    Error: browser.newContext: Unknown permission: microphone
]]>
</failure>
</testcase>
<testcase name="Game Mechanics › should update score when correct answers are given" classname="gameFlow.spec.ts" time="0.058">
<failure message="gameFlow.spec.ts:123:3 should update score when correct answers are given" type="FAILURE">
<![CDATA[  [firefox] › gameFlow.spec.ts:123:3 › Game Mechanics › should update score when correct answers are given 

    Error: browser.newContext: Unknown permission: microphone
]]>
</failure>
</testcase>
<testcase name="Game Mechanics › should show milestone celebrations" classname="gameFlow.spec.ts" time="0.074">
<failure message="gameFlow.spec.ts:130:3 should show milestone celebrations" type="FAILURE">
<![CDATA[  [firefox] › gameFlow.spec.ts:130:3 › Game Mechanics › should show milestone celebrations ─────────

    Error: browser.newContext: Unknown permission: microphone
]]>
</failure>
</testcase>
<testcase name="Game Mechanics › should handle level progression" classname="gameFlow.spec.ts" time="0.089">
<failure message="gameFlow.spec.ts:141:3 should handle level progression" type="FAILURE">
<![CDATA[  [firefox] › gameFlow.spec.ts:141:3 › Game Mechanics › should handle level progression ────────────

    Error: browser.newContext: Unknown permission: microphone
]]>
</failure>
</testcase>
<testcase name="Accessibility › should be keyboard navigable" classname="gameFlow.spec.ts" time="0.068">
<failure message="gameFlow.spec.ts:154:3 should be keyboard navigable" type="FAILURE">
<![CDATA[  [firefox] › gameFlow.spec.ts:154:3 › Accessibility › should be keyboard navigable ────────────────

    Error: browser.newContext: Unknown permission: microphone
]]>
</failure>
</testcase>
<testcase name="Accessibility › should have proper ARIA labels" classname="gameFlow.spec.ts" time="0.067">
<failure message="gameFlow.spec.ts:167:3 should have proper ARIA labels" type="FAILURE">
<![CDATA[  [firefox] › gameFlow.spec.ts:167:3 › Accessibility › should have proper ARIA labels ──────────────

    Error: browser.newContext: Unknown permission: microphone
]]>
</failure>
</testcase>
<testcase name="Accessibility › should work with screen reader announcements" classname="gameFlow.spec.ts" time="0.132">
<failure message="gameFlow.spec.ts:181:3 should work with screen reader announcements" type="FAILURE">
<![CDATA[  [firefox] › gameFlow.spec.ts:181:3 › Accessibility › should work with screen reader announcements 

    Error: browser.newContext: Unknown permission: microphone
]]>
</failure>
</testcase>
<testcase name="Accessibility › should support high contrast mode" classname="gameFlow.spec.ts" time="0.093">
<failure message="gameFlow.spec.ts:199:3 should support high contrast mode" type="FAILURE">
<![CDATA[  [firefox] › gameFlow.spec.ts:199:3 › Accessibility › should support high contrast mode ───────────

    Error: browser.newContext: Unknown permission: microphone
]]>
</failure>
</testcase>
<testcase name="Performance › should load within acceptable time" classname="gameFlow.spec.ts" time="0.064">
<failure message="gameFlow.spec.ts:214:3 should load within acceptable time" type="FAILURE">
<![CDATA[  [firefox] › gameFlow.spec.ts:214:3 › Performance › should load within acceptable time ────────────

    Error: browser.newContext: Unknown permission: microphone
]]>
</failure>
</testcase>
<testcase name="Performance › should maintain 60fps during gameplay" classname="gameFlow.spec.ts" time="0.073">
<failure message="gameFlow.spec.ts:226:3 should maintain 60fps during gameplay" type="FAILURE">
<![CDATA[  [firefox] › gameFlow.spec.ts:226:3 › Performance › should maintain 60fps during gameplay ─────────

    Error: browser.newContext: Unknown permission: microphone
]]>
</failure>
</testcase>
<testcase name="Performance › should not have memory leaks" classname="gameFlow.spec.ts" time="0.066">
<failure message="gameFlow.spec.ts:246:3 should not have memory leaks" type="FAILURE">
<![CDATA[  [firefox] › gameFlow.spec.ts:246:3 › Performance › should not have memory leaks ──────────────────

    Error: browser.newContext: Unknown permission: microphone
]]>
</failure>
</testcase>
</testsuite>
<testsuite name="voiceInteraction.spec.ts" timestamp="2025-06-15T04:11:47.487Z" hostname="firefox" tests="20" failures="20" skipped="0" time="1.231" errors="0">
<testcase name="Voice Interaction Flow › should display voice input interface" classname="voiceInteraction.spec.ts" time="0.059">
<failure message="voiceInteraction.spec.ts:19:3 should display voice input interface" type="FAILURE">
<![CDATA[  [firefox] › voiceInteraction.spec.ts:19:3 › Voice Interaction Flow › should display voice input interface 

    Error: browser.newContext: Unknown permission: microphone
]]>
</failure>
</testcase>
<testcase name="Voice Interaction Flow › should handle microphone button click" classname="voiceInteraction.spec.ts" time="0.053">
<failure message="voiceInteraction.spec.ts:32:3 should handle microphone button click" type="FAILURE">
<![CDATA[  [firefox] › voiceInteraction.spec.ts:32:3 › Voice Interaction Flow › should handle microphone button click 

    Error: browser.newContext: Unknown permission: microphone
]]>
</failure>
</testcase>
<testcase name="Voice Interaction Flow › should show visual feedback during recording" classname="voiceInteraction.spec.ts" time="0.064">
<failure message="voiceInteraction.spec.ts:51:3 should show visual feedback during recording" type="FAILURE">
<![CDATA[  [firefox] › voiceInteraction.spec.ts:51:3 › Voice Interaction Flow › should show visual feedback during recording 

    Error: browser.newContext: Unknown permission: microphone
]]>
</failure>
</testcase>
<testcase name="Voice Interaction Flow › should handle keyboard interactions" classname="voiceInteraction.spec.ts" time="0.054">
<failure message="voiceInteraction.spec.ts:70:3 should handle keyboard interactions" type="FAILURE">
<![CDATA[  [firefox] › voiceInteraction.spec.ts:70:3 › Voice Interaction Flow › should handle keyboard interactions 

    Error: browser.newContext: Unknown permission: microphone
]]>
</failure>
</testcase>
<testcase name="Voice Interaction Flow › should display error messages appropriately" classname="voiceInteraction.spec.ts" time="0.062">
<failure message="voiceInteraction.spec.ts:88:3 should display error messages appropriately" type="FAILURE">
<![CDATA[  [firefox] › voiceInteraction.spec.ts:88:3 › Voice Interaction Flow › should display error messages appropriately 

    Error: browser.newContext: Unknown permission: microphone
]]>
</failure>
</testcase>
<testcase name="Voice Interaction Flow › should show retry button on errors" classname="voiceInteraction.spec.ts" time="0.07">
<failure message="voiceInteraction.spec.ts:98:3 should show retry button on errors" type="FAILURE">
<![CDATA[  [firefox] › voiceInteraction.spec.ts:98:3 › Voice Interaction Flow › should show retry button on errors 

    Error: browser.newContext: Unknown permission: microphone
]]>
</failure>
</testcase>
<testcase name="Voice Input States › should handle idle state correctly" classname="voiceInteraction.spec.ts" time="0.064">
<failure message="voiceInteraction.spec.ts:125:3 should handle idle state correctly" type="FAILURE">
<![CDATA[  [firefox] › voiceInteraction.spec.ts:125:3 › Voice Input States › should handle idle state correctly 

    Error: browser.newContext: Unknown permission: microphone
]]>
</failure>
</testcase>
<testcase name="Voice Input States › should show processing state when available" classname="voiceInteraction.spec.ts" time="0.079">
<failure message="voiceInteraction.spec.ts:135:3 should show processing state when available" type="FAILURE">
<![CDATA[  [firefox] › voiceInteraction.spec.ts:135:3 › Voice Input States › should show processing state when available 

    Error: browser.newContext: Unknown permission: microphone
]]>
</failure>
</testcase>
<testcase name="Voice Input States › should display confidence indicators when enabled" classname="voiceInteraction.spec.ts" time="0.061">
<failure message="voiceInteraction.spec.ts:149:3 should display confidence indicators when enabled" type="FAILURE">
<![CDATA[  [firefox] › voiceInteraction.spec.ts:149:3 › Voice Input States › should display confidence indicators when enabled 

    Error: browser.newContext: Unknown permission: microphone
]]>
</failure>
</testcase>
<testcase name="Voice Input States › should show transcript preview when enabled" classname="voiceInteraction.spec.ts" time="0.052">
<failure message="voiceInteraction.spec.ts:159:3 should show transcript preview when enabled" type="FAILURE">
<![CDATA[  [firefox] › voiceInteraction.spec.ts:159:3 › Voice Input States › should show transcript preview when enabled 

    Error: browser.newContext: Unknown permission: microphone
]]>
</failure>
</testcase>
<testcase name="Voice Input States › should display volume level indicator" classname="voiceInteraction.spec.ts" time="0.07">
<failure message="voiceInteraction.spec.ts:169:3 should display volume level indicator" type="FAILURE">
<![CDATA[  [firefox] › voiceInteraction.spec.ts:169:3 › Voice Input States › should display volume level indicator 

    Error: browser.newContext: Unknown permission: microphone
]]>
</failure>
</testcase>
<testcase name="Voice Accessibility › should have proper ARIA attributes" classname="voiceInteraction.spec.ts" time="0.05">
<failure message="voiceInteraction.spec.ts:186:3 should have proper ARIA attributes" type="FAILURE">
<![CDATA[  [firefox] › voiceInteraction.spec.ts:186:3 › Voice Accessibility › should have proper ARIA attributes 

    Error: browser.newContext: Unknown permission: microphone
]]>
</failure>
</testcase>
<testcase name="Voice Accessibility › should announce state changes to screen readers" classname="voiceInteraction.spec.ts" time="0.052">
<failure message="voiceInteraction.spec.ts:199:3 should announce state changes to screen readers" type="FAILURE">
<![CDATA[  [firefox] › voiceInteraction.spec.ts:199:3 › Voice Accessibility › should announce state changes to screen readers 

    Error: browser.newContext: Unknown permission: microphone
]]>
</failure>
</testcase>
<testcase name="Voice Accessibility › should support keyboard-only navigation" classname="voiceInteraction.spec.ts" time="0.095">
<failure message="voiceInteraction.spec.ts:209:3 should support keyboard-only navigation" type="FAILURE">
<![CDATA[  [firefox] › voiceInteraction.spec.ts:209:3 › Voice Accessibility › should support keyboard-only navigation 

    Error: browser.newContext: Unknown permission: microphone
]]>
</failure>
</testcase>
<testcase name="Voice Accessibility › should work with reduced motion preferences" classname="voiceInteraction.spec.ts" time="0.053">
<failure message="voiceInteraction.spec.ts:229:3 should work with reduced motion preferences" type="FAILURE">
<![CDATA[  [firefox] › voiceInteraction.spec.ts:229:3 › Voice Accessibility › should work with reduced motion preferences 

    Error: browser.newContext: Unknown permission: microphone
]]>
</failure>
</testcase>
<testcase name="Voice Input Error Handling › should handle permission denied gracefully" classname="voiceInteraction.spec.ts" time="0.058">
<failure message="voiceInteraction.spec.ts:260:3 should handle permission denied gracefully" type="FAILURE">
<![CDATA[  [firefox] › voiceInteraction.spec.ts:260:3 › Voice Input Error Handling › should handle permission denied gracefully 

    Error: browser.newContext: Unknown permission: microphone
]]>
</failure>
</testcase>
<testcase name="Voice Input Error Handling › should provide fallback for unsupported browsers" classname="voiceInteraction.spec.ts" time="0.057">
<failure message="voiceInteraction.spec.ts:276:3 should provide fallback for unsupported browsers" type="FAILURE">
<![CDATA[  [firefox] › voiceInteraction.spec.ts:276:3 › Voice Input Error Handling › should provide fallback for unsupported browsers 

    Error: browser.newContext: Unknown permission: microphone
]]>
</failure>
</testcase>
<testcase name="Voice Input Error Handling › should show network error messages" classname="voiceInteraction.spec.ts" time="0.057">
<failure message="voiceInteraction.spec.ts:296:3 should show network error messages" type="FAILURE">
<![CDATA[  [firefox] › voiceInteraction.spec.ts:296:3 › Voice Input Error Handling › should show network error messages 

    Error: browser.newContext: Unknown permission: microphone
]]>
</failure>
</testcase>
<testcase name="Voice Input Performance › should respond to interactions quickly" classname="voiceInteraction.spec.ts" time="0.066">
<failure message="voiceInteraction.spec.ts:320:3 should respond to interactions quickly" type="FAILURE">
<![CDATA[  [firefox] › voiceInteraction.spec.ts:320:3 › Voice Input Performance › should respond to interactions quickly 

    Error: browser.newContext: Unknown permission: microphone
]]>
</failure>
</testcase>
<testcase name="Voice Input Performance › should handle rapid button clicks" classname="voiceInteraction.spec.ts" time="0.055">
<failure message="voiceInteraction.spec.ts:339:3 should handle rapid button clicks" type="FAILURE">
<![CDATA[  [firefox] › voiceInteraction.spec.ts:339:3 › Voice Input Performance › should handle rapid button clicks 

    Error: browser.newContext: Unknown permission: microphone
]]>
</failure>
</testcase>
</testsuite>
<testsuite name="accessibility.spec.ts" timestamp="2025-06-15T04:11:47.487Z" hostname="webkit" tests="16" failures="16" skipped="0" time="52.057" errors="0">
<testcase name="Accessibility Compliance › should have proper document structure" classname="accessibility.spec.ts" time="12.399">
<failure message="accessibility.spec.ts:13:3 should have proper document structure" type="FAILURE">
<![CDATA[  [webkit] › accessibility.spec.ts:13:3 › Accessibility Compliance › should have proper document structure 

    Error: browserContext.newPage: Unknown permission: microphone
]]>
</failure>
</testcase>
<testcase name="Accessibility Compliance › should have proper focus management" classname="accessibility.spec.ts" time="12.426">
<failure message="accessibility.spec.ts:28:3 should have proper focus management" type="FAILURE">
<![CDATA[  [webkit] › accessibility.spec.ts:28:3 › Accessibility Compliance › should have proper focus management 

    Error: browserContext.newPage: Unknown permission: microphone
]]>
</failure>
</testcase>
<testcase name="Accessibility Compliance › should support keyboard navigation throughout app" classname="accessibility.spec.ts" time="3.332">
<failure message="accessibility.spec.ts:42:3 should support keyboard navigation throughout app" type="FAILURE">
<![CDATA[  [webkit] › accessibility.spec.ts:42:3 › Accessibility Compliance › should support keyboard navigation throughout app 

    Error: browserContext.newPage: Unknown permission: microphone

    attachment #1: screenshot (image/png) ──────────────────────────────────────────────────────────
    test-results\accessibility-Accessibilit-0c6d9-d-navigation-throughout-app-webkit\test-failed-1.png
    ────────────────────────────────────────────────────────────────────────────────────────────────
]]>
</failure>
<system-out>
<![CDATA[
[[ATTACHMENT|accessibility-Accessibilit-0c6d9-d-navigation-throughout-app-webkit\test-failed-1.png]]
]]>
</system-out>
</testcase>
<testcase name="Accessibility Compliance › should have proper ARIA labels and descriptions" classname="accessibility.spec.ts" time="3.307">
<failure message="accessibility.spec.ts:75:3 should have proper ARIA labels and descriptions" type="FAILURE">
<![CDATA[  [webkit] › accessibility.spec.ts:75:3 › Accessibility Compliance › should have proper ARIA labels and descriptions 

    Error: browserContext.newPage: Unknown permission: microphone

    attachment #1: screenshot (image/png) ──────────────────────────────────────────────────────────
    test-results\accessibility-Accessibilit-6a4a4-RIA-labels-and-descriptions-webkit\test-failed-1.png
    ────────────────────────────────────────────────────────────────────────────────────────────────
]]>
</failure>
<system-out>
<![CDATA[
[[ATTACHMENT|accessibility-Accessibilit-6a4a4-RIA-labels-and-descriptions-webkit\test-failed-1.png]]
]]>
</system-out>
</testcase>
<testcase name="Accessibility Compliance › should have proper color contrast" classname="accessibility.spec.ts" time="1.853">
<failure message="accessibility.spec.ts:93:3 should have proper color contrast" type="FAILURE">
<![CDATA[  [webkit] › accessibility.spec.ts:93:3 › Accessibility Compliance › should have proper color contrast 

    Error: browserContext.newPage: Unknown permission: microphone

    attachment #1: screenshot (image/png) ──────────────────────────────────────────────────────────
    test-results\accessibility-Accessibilit-ea7c3--have-proper-color-contrast-webkit\test-failed-1.png
    ────────────────────────────────────────────────────────────────────────────────────────────────
]]>
</failure>
<system-out>
<![CDATA[
[[ATTACHMENT|accessibility-Accessibilit-ea7c3--have-proper-color-contrast-webkit\test-failed-1.png]]
]]>
</system-out>
</testcase>
<testcase name="Accessibility Compliance › should support screen reader announcements" classname="accessibility.spec.ts" time="1.77">
<failure message="accessibility.spec.ts:120:3 should support screen reader announcements" type="FAILURE">
<![CDATA[  [webkit] › accessibility.spec.ts:120:3 › Accessibility Compliance › should support screen reader announcements 

    Error: browserContext.newPage: Unknown permission: microphone

    attachment #1: screenshot (image/png) ──────────────────────────────────────────────────────────
    test-results\accessibility-Accessibilit-efa4e-screen-reader-announcements-webkit\test-failed-1.png
    ────────────────────────────────────────────────────────────────────────────────────────────────
]]>
</failure>
<system-out>
<![CDATA[
[[ATTACHMENT|accessibility-Accessibilit-efa4e-screen-reader-announcements-webkit\test-failed-1.png]]
]]>
</system-out>
</testcase>
<testcase name="Accessibility Compliance › should have proper form labels and validation" classname="accessibility.spec.ts" time="1.802">
<failure message="accessibility.spec.ts:148:3 should have proper form labels and validation" type="FAILURE">
<![CDATA[  [webkit] › accessibility.spec.ts:148:3 › Accessibility Compliance › should have proper form labels and validation 

    Error: browserContext.newPage: Unknown permission: microphone

    attachment #1: screenshot (image/png) ──────────────────────────────────────────────────────────
    test-results\accessibility-Accessibilit-d7f94--form-labels-and-validation-webkit\test-failed-1.png
    ────────────────────────────────────────────────────────────────────────────────────────────────
]]>
</failure>
<system-out>
<![CDATA[
[[ATTACHMENT|accessibility-Accessibilit-d7f94--form-labels-and-validation-webkit\test-failed-1.png]]
]]>
</system-out>
</testcase>
<testcase name="Accessibility Compliance › should handle reduced motion preferences" classname="accessibility.spec.ts" time="1.719">
<failure message="accessibility.spec.ts:171:3 should handle reduced motion preferences" type="FAILURE">
<![CDATA[  [webkit] › accessibility.spec.ts:171:3 › Accessibility Compliance › should handle reduced motion preferences 

    Error: browserContext.newPage: Unknown permission: microphone

    attachment #1: screenshot (image/png) ──────────────────────────────────────────────────────────
    test-results\accessibility-Accessibilit-d7206--reduced-motion-preferences-webkit\test-failed-1.png
    ────────────────────────────────────────────────────────────────────────────────────────────────
]]>
</failure>
<system-out>
<![CDATA[
[[ATTACHMENT|accessibility-Accessibilit-d7206--reduced-motion-preferences-webkit\test-failed-1.png]]
]]>
</system-out>
</testcase>
<testcase name="Accessibility Compliance › should support zoom up to 200%" classname="accessibility.spec.ts" time="1.502">
<failure message="accessibility.spec.ts:207:3 should support zoom up to 200%" type="FAILURE">
<![CDATA[  [webkit] › accessibility.spec.ts:207:3 › Accessibility Compliance › should support zoom up to 200% 

    Error: browserContext.newPage: Unknown permission: microphone

    attachment #1: screenshot (image/png) ──────────────────────────────────────────────────────────
    test-results\accessibility-Accessibilit-2e16a-uld-support-zoom-up-to-200--webkit\test-failed-1.png
    ────────────────────────────────────────────────────────────────────────────────────────────────
]]>
</failure>
<system-out>
<![CDATA[
[[ATTACHMENT|accessibility-Accessibilit-2e16a-uld-support-zoom-up-to-200--webkit\test-failed-1.png]]
]]>
</system-out>
</testcase>
<testcase name="Accessibility Compliance › should work without JavaScript (progressive enhancement)" classname="accessibility.spec.ts" time="1.679">
<failure message="accessibility.spec.ts:226:3 should work without JavaScript (progressive enhancement)" type="FAILURE">
<![CDATA[  [webkit] › accessibility.spec.ts:226:3 › Accessibility Compliance › should work without JavaScript (progressive enhancement) 

    Error: browserContext.newPage: Unknown permission: microphone

    attachment #1: screenshot (image/png) ──────────────────────────────────────────────────────────
    test-results\accessibility-Accessibilit-8c14c-pt-progressive-enhancement--webkit\test-failed-1.png
    ────────────────────────────────────────────────────────────────────────────────────────────────
]]>
</failure>
<system-out>
<![CDATA[
[[ATTACHMENT|accessibility-Accessibilit-8c14c-pt-progressive-enhancement--webkit\test-failed-1.png]]
]]>
</system-out>
</testcase>
<testcase name="Mobile Accessibility › should support touch navigation" classname="accessibility.spec.ts" time="1.802">
<failure message="accessibility.spec.ts:251:3 should support touch navigation" type="FAILURE">
<![CDATA[  [webkit] › accessibility.spec.ts:251:3 › Mobile Accessibility › should support touch navigation ──

    Error: browserContext.newPage: Unknown permission: microphone

    attachment #1: screenshot (image/png) ──────────────────────────────────────────────────────────
    test-results\accessibility-Mobile-Acces-38a50-ld-support-touch-navigation-webkit\test-failed-1.png
    ────────────────────────────────────────────────────────────────────────────────────────────────
]]>
</failure>
<system-out>
<![CDATA[
[[ATTACHMENT|accessibility-Mobile-Acces-38a50-ld-support-touch-navigation-webkit\test-failed-1.png]]
]]>
</system-out>
</testcase>
<testcase name="Mobile Accessibility › should work with screen orientation changes" classname="accessibility.spec.ts" time="1.633">
<failure message="accessibility.spec.ts:267:3 should work with screen orientation changes" type="FAILURE">
<![CDATA[  [webkit] › accessibility.spec.ts:267:3 › Mobile Accessibility › should work with screen orientation changes 

    Error: browserContext.newPage: Unknown permission: microphone

    attachment #1: screenshot (image/png) ──────────────────────────────────────────────────────────
    test-results\accessibility-Mobile-Acces-c262e--screen-orientation-changes-webkit\test-failed-1.png
    ────────────────────────────────────────────────────────────────────────────────────────────────
]]>
</failure>
<system-out>
<![CDATA[
[[ATTACHMENT|accessibility-Mobile-Acces-c262e--screen-orientation-changes-webkit\test-failed-1.png]]
]]>
</system-out>
</testcase>
<testcase name="Mobile Accessibility › should support voice control and assistive technologies" classname="accessibility.spec.ts" time="1.759">
<failure message="accessibility.spec.ts:287:3 should support voice control and assistive technologies" type="FAILURE">
<![CDATA[  [webkit] › accessibility.spec.ts:287:3 › Mobile Accessibility › should support voice control and assistive technologies 

    Error: browserContext.newPage: Unknown permission: microphone

    attachment #1: screenshot (image/png) ──────────────────────────────────────────────────────────
    test-results\accessibility-Mobile-Acces-66977--and-assistive-technologies-webkit\test-failed-1.png
    ────────────────────────────────────────────────────────────────────────────────────────────────
]]>
</failure>
<system-out>
<![CDATA[
[[ATTACHMENT|accessibility-Mobile-Acces-66977--and-assistive-technologies-webkit\test-failed-1.png]]
]]>
</system-out>
</testcase>
<testcase name="Error State Accessibility › should announce errors to screen readers" classname="accessibility.spec.ts" time="1.637">
<failure message="accessibility.spec.ts:307:3 should announce errors to screen readers" type="FAILURE">
<![CDATA[  [webkit] › accessibility.spec.ts:307:3 › Error State Accessibility › should announce errors to screen readers 

    Error: browserContext.newPage: Unknown permission: microphone

    attachment #1: screenshot (image/png) ──────────────────────────────────────────────────────────
    test-results\accessibility-Error-State--5a0d7-ce-errors-to-screen-readers-webkit\test-failed-1.png
    ────────────────────────────────────────────────────────────────────────────────────────────────
]]>
</failure>
<system-out>
<![CDATA[
[[ATTACHMENT|accessibility-Error-State--5a0d7-ce-errors-to-screen-readers-webkit\test-failed-1.png]]
]]>
</system-out>
</testcase>
<testcase name="Error State Accessibility › should provide clear error recovery paths" classname="accessibility.spec.ts" time="1.689">
<failure message="accessibility.spec.ts:330:3 should provide clear error recovery paths" type="FAILURE">
<![CDATA[  [webkit] › accessibility.spec.ts:330:3 › Error State Accessibility › should provide clear error recovery paths 

    Error: browserContext.newPage: Unknown permission: microphone

    attachment #1: screenshot (image/png) ──────────────────────────────────────────────────────────
    test-results\accessibility-Error-State--45a0e--clear-error-recovery-paths-webkit\test-failed-1.png
    ────────────────────────────────────────────────────────────────────────────────────────────────
]]>
</failure>
<system-out>
<![CDATA[
[[ATTACHMENT|accessibility-Error-State--45a0e--clear-error-recovery-paths-webkit\test-failed-1.png]]
]]>
</system-out>
</testcase>
<testcase name="Error State Accessibility › should maintain focus after errors" classname="accessibility.spec.ts" time="1.748">
<failure message="accessibility.spec.ts:356:3 should maintain focus after errors" type="FAILURE">
<![CDATA[  [webkit] › accessibility.spec.ts:356:3 › Error State Accessibility › should maintain focus after errors 

    Error: browserContext.newPage: Unknown permission: microphone

    attachment #1: screenshot (image/png) ──────────────────────────────────────────────────────────
    test-results\accessibility-Error-State--862f1-maintain-focus-after-errors-webkit\test-failed-1.png
    ────────────────────────────────────────────────────────────────────────────────────────────────
]]>
</failure>
<system-out>
<![CDATA[
[[ATTACHMENT|accessibility-Error-State--862f1-maintain-focus-after-errors-webkit\test-failed-1.png]]
]]>
</system-out>
</testcase>
</testsuite>
<testsuite name="gameFlow.spec.ts" timestamp="2025-06-15T04:11:47.487Z" hostname="webkit" tests="17" failures="17" skipped="0" time="30.409" errors="0">
<testcase name="Main Game Flow › should load the application successfully" classname="gameFlow.spec.ts" time="1.566">
<failure message="gameFlow.spec.ts:13:3 should load the application successfully" type="FAILURE">
<![CDATA[  [webkit] › gameFlow.spec.ts:13:3 › Main Game Flow › should load the application successfully ─────

    Error: browserContext.newPage: Unknown permission: microphone

    attachment #1: screenshot (image/png) ──────────────────────────────────────────────────────────
    test-results\gameFlow-Main-Game-Flow-sh-8e955-he-application-successfully-webkit\test-failed-1.png
    ────────────────────────────────────────────────────────────────────────────────────────────────
]]>
</failure>
<system-out>
<![CDATA[
[...]
      238 |       const noscriptText = await noscriptContent.textContent();
    > 239 |       expect(noscriptText).toContain('JavaScript');
          |                            ^
      240 |     }
      241 |   });
      242 | });
        at c:\Users\cedric\Desktop\box\01-Projects\Web\game\dialect-game\tests\e2e\accessibility.spec.ts:239:28

    attachment #1: screenshot (image/png) ──────────────────────────────────────────────────────────
    test-results\accessibility-Accessibilit-8c14c-pt-progressive-enhancement--accessibility-chrome\test-failed-1.png
    ────────────────────────────────────────────────────────────────────────────────────────────────

    attachment #2: video (video/webm) ──────────────────────────────────────────────────────────────
    test-results\accessibility-Accessibilit-8c14c-pt-progressive-enhancement--accessibility-chrome\video.webm
    ────────────────────────────────────────────────────────────────────────────────────────────────

    Error Context: ..\..\test-results\accessibility-Accessibilit-8c14c-pt-progressive-enhancement--accessibility-chrome\error-context.md
]]>
</failure>
<system-out>
<![CDATA[
[[ATTACHMENT|accessibility-Accessibilit-8c14c-pt-progressive-enhancement--accessibility-chrome\test-failed-1.png]]

[[ATTACHMENT|accessibility-Accessibilit-8c14c-pt-progressive-enhancement--accessibility-chrome\video.webm]]

[[ATTACHMENT|accessibility-Accessibilit-8c14c-pt-progressive-enhancement--accessibility-chrome\error-context.md]]
]]>
</system-out>
</testcase>
<testcase name="Mobile Accessibility › should support touch navigation" classname="accessibility.spec.ts" time="1.822">
<failure message="accessibility.spec.ts:251:3 should support touch navigation" type="FAILURE">
<![CDATA[  [accessibility-chrome] › accessibility.spec.ts:251:3 › Mobile Accessibility › should support touch navigation 

    Error: expect(received).toBeGreaterThanOrEqual(expected)

    Expected: >= 44
    Received:    16

      260 |       if (box) {
      261 |         // Touch targets should be at least 44x44px
    > 262 |         expect(Math.min(box.width, box.height)).toBeGreaterThanOrEqual(44);
          |                                                 ^
      263 |       }
      264 |     }
      265 |   });
        at c:\Users\cedric\Desktop\box\01-Projects\Web\game\dialect-game\tests\e2e\accessibility.spec.ts:262:49

    attachment #1: screenshot (image/png) ──────────────────────────────────────────────────────────
    test-results\accessibility-Mobile-Acces-38a50-ld-support-touch-navigation-accessibility-chrome\test-failed-1.png
    ────────────────────────────────────────────────────────────────────────────────────────────────

    attachment #2: video (video/webm) ──────────────────────────────────────────────────────────────
    test-results\accessibility-Mobile-Acces-38a50-ld-support-touch-navigation-accessibility-chrome\video.webm
    ────────────────────────────────────────────────────────────────────────────────────────────────

    Error Context: ..\..\test-results\accessibility-Mobile-Acces-38a50-ld-support-touch-navigation-accessibility-chrome\error-context.md
]]>
</failure>
<system-out>
<![CDATA[
[[ATTACHMENT|accessibility-Mobile-Acces-38a50-ld-support-touch-navigation-accessibility-chrome\test-failed-1.png]]

[[ATTACHMENT|accessibility-Mobile-Acces-38a50-ld-support-touch-navigation-accessibility-chrome\video.webm]]

[[ATTACHMENT|accessibility-Mobile-Acces-38a50-ld-support-touch-navigation-accessibility-chrome\error-context.md]]
]]>
</system-out>
</testcase>
<testcase name="Mobile Accessibility › should work with screen orientation changes" classname="accessibility.spec.ts" time="1.624">
</testcase>
<testcase name="Mobile Accessibility › should support voice control and assistive technologies" classname="accessibility.spec.ts" time="1.297">
</testcase>
<testcase name="Error State Accessibility › should announce errors to screen readers" classname="accessibility.spec.ts" time="3.404">
</testcase>
<testcase name="Error State Accessibility › should provide clear error recovery paths" classname="accessibility.spec.ts" time="2.539">
</testcase>
<testcase name="Error State Accessibility › should maintain focus after errors" classname="accessibility.spec.ts" time="1.578">
</testcase>
</testsuite>
<testsuite name="gameFlow.spec.ts" timestamp="2025-06-15T04:11:47.487Z" hostname="performance-chrome" tests="17" failures="7" skipped="0" time="187.544" errors="0">
<testcase name="Main Game Flow › should load the application successfully" classname="gameFlow.spec.ts" time="1.675">
</testcase>
<testcase name="Main Game Flow › should navigate from menu to game" classname="gameFlow.spec.ts" time="3.838">
</testcase>
<testcase name="Main Game Flow › should display score and statistics correctly" classname="gameFlow.spec.ts" time="4.173">
</testcase>
<testcase name="Main Game Flow › should handle voice input interaction" classname="gameFlow.spec.ts" time="3.94">
</testcase>
<testcase name="Main Game Flow › should show game over state" classname="gameFlow.spec.ts" time="1.825">
</testcase>
<testcase name="Main Game Flow › should handle responsive design" classname="gameFlow.spec.ts" time="6.776">
<failure message="gameFlow.spec.ts:86:3 should handle responsive design" type="FAILURE">
<![CDATA[  [performance-chrome] › gameFlow.spec.ts:86:3 › Main Game Flow › should handle responsive design ──

    Error: Timed out 5000ms waiting for expect(locator).not.toHaveClass(expected)

    Locator: locator('[data-testid="score-display"]')
    Expected pattern: not /compact-layout/
    Received: <element(s) not found>
    Call log:
      - Expect "not toHaveClass" with timeout 5000ms
      - waiting for locator('[data-testid="score-display"]')


      90 |     
      91 |     const scoreDisplay = page.locator('[data-testid="score-display"]');
    > 92 |     await expect(scoreDisplay).not.toHaveClass(/compact-layout/);
         |                                    ^
      93 |     
      94 |     // Test mobile view
      95 |     await page.setViewportSize({ width: 375, height: 667 });
        at c:\Users\cedric\Desktop\box\01-Projects\Web\game\dialect-game\tests\e2e\gameFlow.spec.ts:92:36

    attachment #1: screenshot (image/png) ──────────────────────────────────────────────────────────
    test-results\gameFlow-Main-Game-Flow-should-handle-responsive-design-performance-chrome\test-failed-1.png
    ────────────────────────────────────────────────────────────────────────────────────────────────

    attachment #2: video (video/webm) ──────────────────────────────────────────────────────────────
    test-results\gameFlow-Main-Game-Flow-should-handle-responsive-design-performance-chrome\video.webm
    ────────────────────────────────────────────────────────────────────────────────────────────────

    Error Context: ..\..\test-results\gameFlow-Main-Game-Flow-should-handle-responsive-design-performance-chrome\error-context.md
]]>
</failure>
<system-out>
<![CDATA[
[[ATTACHMENT|gameFlow-Main-Game-Flow-should-handle-responsive-design-performance-chrome\test-failed-1.png]]

[[ATTACHMENT|gameFlow-Main-Game-Flow-should-handle-responsive-design-performance-chrome\video.webm]]

[[ATTACHMENT|gameFlow-Main-Game-Flow-should-handle-responsive-design-performance-chrome\error-context.md]]
]]>
</system-out>
</testcase>
<testcase name="Main Game Flow › should persist game state on page refresh" classname="gameFlow.spec.ts" time="31.15">
<failure message="gameFlow.spec.ts:101:3 should persist game state on page refresh" type="FAILURE">
<![CDATA[  [performance-chrome] › gameFlow.spec.ts:101:3 › Main Game Flow › should persist game state on page refresh 

    Test timeout of 30000ms exceeded.

    Error: locator.textContent: Test timeout of 30000ms exceeded.
    Call log:
      - waiting for locator('[data-testid="score-value"]')


      110 |     
      111 |     // Score might be reset or persisted depending on implementation
    > 112 |     const currentScore = await page.locator('[data-testid="score-value"]').textContent();
          |                                                                            ^
      113 |     expect(currentScore).toBeDefined();
      114 |   });
      115 | });
        at c:\Users\cedric\Desktop\box\01-Projects\Web\game\dialect-game\tests\e2e\gameFlow.spec.ts:112:76

    attachment #1: screenshot (image/png) ──────────────────────────────────────────────────────────
    test-results\gameFlow-Main-Game-Flow-sh-46240--game-state-on-page-refresh-performance-chrome\test-failed-1.png
    ────────────────────────────────────────────────────────────────────────────────────────────────

    attachment #2: video (video/webm) ──────────────────────────────────────────────────────────────
    test-results\gameFlow-Main-Game-Flow-sh-46240--game-state-on-page-refresh-performance-chrome\video.webm
    ────────────────────────────────────────────────────────────────────────────────────────────────

    Error Context: ..\..\test-results\gameFlow-Main-Game-Flow-sh-46240--game-state-on-page-refresh-performance-chrome\error-context.md
]]>
</failure>
<system-out>
<![CDATA[
[[ATTACHMENT|gameFlow-Main-Game-Flow-sh-46240--game-state-on-page-refresh-performance-chrome\test-failed-1.png]]

[[ATTACHMENT|gameFlow-Main-Game-Flow-sh-46240--game-state-on-page-refresh-performance-chrome\video.webm]]

[[ATTACHMENT|gameFlow-Main-Game-Flow-sh-46240--game-state-on-page-refresh-performance-chrome\error-context.md]]
]]>
</system-out>
</testcase>
<testcase name="Game Mechanics › should update score when correct answers are given" classname="gameFlow.spec.ts" time="2.563">
</testcase>
<testcase name="Game Mechanics › should show milestone celebrations" classname="gameFlow.spec.ts" time="1.277">
</testcase>
<testcase name="Game Mechanics › should handle level progression" classname="gameFlow.spec.ts" time="7.771">
<failure message="gameFlow.spec.ts:141:3 should handle level progression" type="FAILURE">
<![CDATA[  [performance-chrome] › gameFlow.spec.ts:141:3 › Game Mechanics › should handle level progression ─

    Error: Timed out 5000ms waiting for expect(locator).toBeVisible()

    Locator: locator('[data-testid="level-progress"]')
    Expected: visible
    Received: hidden
    Call log:
      - Expect "toBeVisible" with timeout 5000ms
      - waiting for locator('[data-testid="level-progress"]')
        9 × locator resolved to <div aria-valuenow="0" aria-valuemin="0" role="progressbar" aria-valuemax="100" class="progress-bar" data-testid="level-progress">…</div>
          - unexpected value "hidden"


      144 |     
      145 |     await expect(levelDisplay).toBeVisible();
    > 146 |     await expect(progressBar).toBeVisible();
          |                               ^
      147 |     
      148 |     // Check progress bar has correct attributes
      149 |     await expect(progressBar).toHaveAttribute('role', 'progressbar');
        at c:\Users\cedric\Desktop\box\01-Projects\Web\game\dialect-game\tests\e2e\gameFlow.spec.ts:146:31

    attachment #1: screenshot (image/png) ──────────────────────────────────────────────────────────
    test-results\gameFlow-Game-Mechanics-should-handle-level-progression-performance-chrome\test-failed-1.png
    ────────────────────────────────────────────────────────────────────────────────────────────────

    attachment #2: video (video/webm) ──────────────────────────────────────────────────────────────
    test-results\gameFlow-Game-Mechanics-should-handle-level-progression-performance-chrome\video.webm
    ────────────────────────────────────────────────────────────────────────────────────────────────

    Error Context: ..\..\test-results\gameFlow-Game-Mechanics-should-handle-level-progression-performance-chrome\error-context.md
]]>
</failure>
<system-out>
<![CDATA[
[[ATTACHMENT|gameFlow-Game-Mechanics-should-handle-level-progression-performance-chrome\test-failed-1.png]]

[[ATTACHMENT|gameFlow-Game-Mechanics-should-handle-level-progression-performance-chrome\video.webm]]

[[ATTACHMENT|gameFlow-Game-Mechanics-should-handle-level-progression-performance-chrome\error-context.md]]
]]>
</system-out>
</testcase>
<testcase name="Accessibility › should be keyboard navigable" classname="gameFlow.spec.ts" time="6.528">
<failure message="gameFlow.spec.ts:154:3 should be keyboard navigable" type="FAILURE">
<![CDATA[  [performance-chrome] › gameFlow.spec.ts:154:3 › Accessibility › should be keyboard navigable ─────

    Error: Timed out 5000ms waiting for expect(locator).toBeVisible()

    Locator: locator(':focus')
    Expected: visible
    Received: <element(s) not found>
    Call log:
      - Expect "toBeVisible" with timeout 5000ms
      - waiting for locator(':focus')


      158 |     // First focusable element should be focused
      159 |     const focusedElement = page.locator(':focus');
    > 160 |     await expect(focusedElement).toBeVisible();
          |                                  ^
      161 |     
      162 |     // Continue tabbing through interactive elements
      163 |     await page.keyboard.press('Tab');
        at c:\Users\cedric\Desktop\box\01-Projects\Web\game\dialect-game\tests\e2e\gameFlow.spec.ts:160:34

    attachment #1: screenshot (image/png) ──────────────────────────────────────────────────────────
    test-results\gameFlow-Accessibility-should-be-keyboard-navigable-performance-chrome\test-failed-1.png
    ────────────────────────────────────────────────────────────────────────────────────────────────

    attachment #2: video (video/webm) ──────────────────────────────────────────────────────────────
    test-results\gameFlow-Accessibility-should-be-keyboard-navigable-performance-chrome\video.webm
    ────────────────────────────────────────────────────────────────────────────────────────────────
]]>
</failure>
<system-out>
<![CDATA[
[[ATTACHMENT|gameFlow-Accessibility-should-be-keyboard-navigable-performance-chrome\test-failed-1.png]]

[[ATTACHMENT|gameFlow-Accessibility-should-be-keyboard-navigable-performance-chrome\video.webm]]
]]>
</system-out>
</testcase>
<testcase name="Accessibility › should have proper ARIA labels" classname="gameFlow.spec.ts" time="36.85">
<failure message="gameFlow.spec.ts:167:3 should have proper ARIA labels" type="FAILURE">
<![CDATA[  [performance-chrome] › gameFlow.spec.ts:167:3 › Accessibility › should have proper ARIA labels ───

    Test timeout of 30000ms exceeded.

    Error: page.click: Test timeout of 30000ms exceeded.
    Call log:
      - waiting for locator('[data-testid="start-game-button"]')


      166 |
      167 |   test('should have proper ARIA labels', async ({ page }) => {
    > 168 |     await page.click('[data-testid="start-game-button"]');
          |                ^
      169 |     
      170 |     // Check important elements have ARIA labels
      171 |     const canvas = page.locator('[data-testid="game-canvas"] canvas');
        at c:\Users\cedric\Desktop\box\01-Projects\Web\game\dialect-game\tests\e2e\gameFlow.spec.ts:168:16

    attachment #1: screenshot (image/png) ──────────────────────────────────────────────────────────
    test-results\gameFlow-Accessibility-should-have-proper-ARIA-labels-performance-chrome\test-failed-1.png
    ────────────────────────────────────────────────────────────────────────────────────────────────

    attachment #2: video (video/webm) ──────────────────────────────────────────────────────────────
    test-results\gameFlow-Accessibility-should-have-proper-ARIA-labels-performance-chrome\video.webm
    ────────────────────────────────────────────────────────────────────────────────────────────────
]]>
</failure>
<system-out>
<![CDATA[
[[ATTACHMENT|gameFlow-Accessibility-should-have-proper-ARIA-labels-performance-chrome\test-failed-1.png]]

[[ATTACHMENT|gameFlow-Accessibility-should-have-proper-ARIA-labels-performance-chrome\video.webm]]
]]>
</system-out>
</testcase>
<testcase name="Accessibility › should work with screen reader announcements" classname="gameFlow.spec.ts" time="37.719">
<failure message="gameFlow.spec.ts:181:3 should work with screen reader announcements" type="FAILURE">
<![CDATA[  [performance-chrome] › gameFlow.spec.ts:181:3 › Accessibility › should work with screen reader announcements 

    Test timeout of 30000ms exceeded.

    Error: page.click: Test timeout of 30000ms exceeded.
    Call log:
      - waiting for locator('[data-testid="start-game-button"]')


      180 |
      181 |   test('should work with screen reader announcements', async ({ page }) => {
    > 182 |     await page.click('[data-testid="start-game-button"]');
          |                ^
      183 |     
      184 |     // Check for screen reader content
      185 |     const srOnly = page.locator('.sr-only');
        at c:\Users\cedric\Desktop\box\01-Projects\Web\game\dialect-game\tests\e2e\gameFlow.spec.ts:182:16

    attachment #1: screenshot (image/png) ──────────────────────────────────────────────────────────
    test-results\gameFlow-Accessibility-sho-30846-screen-reader-announcements-performance-chrome\test-failed-1.png
    ────────────────────────────────────────────────────────────────────────────────────────────────

    attachment #2: video (video/webm) ──────────────────────────────────────────────────────────────
    test-results\gameFlow-Accessibility-sho-30846-screen-reader-announcements-performance-chrome\video.webm
    ────────────────────────────────────────────────────────────────────────────────────────────────
]]>
</failure>
<system-out>
<![CDATA[
[[ATTACHMENT|gameFlow-Accessibility-sho-30846-screen-reader-announcements-performance-chrome\test-failed-1.png]]

[[ATTACHMENT|gameFlow-Accessibility-sho-30846-screen-reader-announcements-performance-chrome\video.webm]]
]]>
</system-out>
</testcase>
<testcase name="Accessibility › should support high contrast mode" classname="gameFlow.spec.ts" time="0.842">
</testcase>
<testcase name="Performance › should load within acceptable time" classname="gameFlow.spec.ts" time="2.426">
</testcase>
<testcase name="Performance › should maintain 60fps during gameplay" classname="gameFlow.spec.ts" time="3.07">
</testcase>
<testcase name="Performance › should not have memory leaks" classname="gameFlow.spec.ts" time="35.121">
<failure message="gameFlow.spec.ts:246:3 should not have memory leaks" type="FAILURE">
<![CDATA[  [performance-chrome] › gameFlow.spec.ts:246:3 › Performance › should not have memory leaks ───────

    Test timeout of 30000ms exceeded.

    Error: page.click: Test timeout of 30000ms exceeded.
    Call log:
      - waiting for locator('[data-testid="start-game-button"]')


      247 |     // Start and stop game multiple times
      248 |     for (let i = 0; i < 3; i++) {
    > 249 |       await page.click('[data-testid="start-game-button"]');
          |                  ^
      250 |       await page.waitForTimeout(1000);
      251 |       
      252 |       // Navigate back to menu if possible
        at c:\Users\cedric\Desktop\box\01-Projects\Web\game\dialect-game\tests\e2e\gameFlow.spec.ts:249:18

    attachment #1: screenshot (image/png) ──────────────────────────────────────────────────────────
    test-results\gameFlow-Performance-should-not-have-memory-leaks-performance-chrome\test-failed-1.png
    ────────────────────────────────────────────────────────────────────────────────────────────────

    attachment #2: video (video/webm) ──────────────────────────────────────────────────────────────
    test-results\gameFlow-Performance-should-not-have-memory-leaks-performance-chrome\video.webm
    ────────────────────────────────────────────────────────────────────────────────────────────────
]]>
</failure>
<system-out>
<![CDATA[
[[ATTACHMENT|gameFlow-Performance-should-not-have-memory-leaks-performance-chrome\test-failed-1.png]]

[[ATTACHMENT|gameFlow-Performance-should-not-have-memory-leaks-performance-chrome\video.webm]]
]]>
</system-out>
</testcase>
</testsuite>
</testsuites>