<testsuites id="" name="" tests="53" failures="19" skipped="0" errors="0" time="313.27948599999996">
<testsuite name="accessibility.spec.ts" timestamp="2025-06-14T10:19:44.681Z" hostname="chromium" tests="16" failures="6" skipped="0" time="140.347" errors="0">
<testcase name="Accessibility Compliance › should have proper document structure" classname="accessibility.spec.ts" time="32.221">
<failure message="accessibility.spec.ts:13:3 should have proper document structure" type="FAILURE">
<![CDATA[  [chromium] › accessibility.spec.ts:13:3 › Accessibility Compliance › should have proper document structure 

    Test timeout of 30000ms exceeded while running "beforeEach" hook.

       7 |
       8 | test.describe('Accessibility Compliance', () => {
    >  9 |   test.beforeEach(async ({ page }) => {
         |        ^
      10 |     await page.goto('/');
      11 |   });
      12 |
        at c:\Users\cedric\Desktop\box\01-Projects\Web\game\dialect-game\tests\e2e\accessibility.spec.ts:9:8

    Error: browserContext.newPage: Test timeout of 30000ms exceeded.
]]>
</failure>
</testcase>
<testcase name="Accessibility Compliance › should have proper focus management" classname="accessibility.spec.ts" time="32.239">
<failure message="accessibility.spec.ts:28:3 should have proper focus management" type="FAILURE">
<![CDATA[  [chromium] › accessibility.spec.ts:28:3 › Accessibility Compliance › should have proper focus management 

    Test timeout of 30000ms exceeded while running "beforeEach" hook.

       7 |
       8 | test.describe('Accessibility Compliance', () => {
    >  9 |   test.beforeEach(async ({ page }) => {
         |        ^
      10 |     await page.goto('/');
      11 |   });
      12 |
        at c:\Users\cedric\Desktop\box\01-Projects\Web\game\dialect-game\tests\e2e\accessibility.spec.ts:9:8

    Error: browserContext.newPage: Test timeout of 30000ms exceeded.
]]>
</failure>
</testcase>
<testcase name="Accessibility Compliance › should support keyboard navigation throughout app" classname="accessibility.spec.ts" time="24.164">
</testcase>
<testcase name="Accessibility Compliance › should have proper ARIA labels and descriptions" classname="accessibility.spec.ts" time="20.822">
</testcase>
<testcase name="Accessibility Compliance › should have proper color contrast" classname="accessibility.spec.ts" time="9.219">
<failure message="accessibility.spec.ts:93:3 should have proper color contrast" type="FAILURE">
<![CDATA[  [chromium] › accessibility.spec.ts:93:3 › Accessibility Compliance › should have proper color contrast 

    Error: Timed out 5000ms waiting for expect(locator).toBeVisible()

    Locator: locator('[data-testid="score-display"]')
    Expected: visible
    Received: <element(s) not found>
    Call log:
      - Expect "toBeVisible" with timeout 5000ms
      - waiting for locator('[data-testid="score-display"]')


       99 |     
      100 |     // Elements should still be visible and properly styled
    > 101 |     await expect(page.locator('[data-testid="score-display"]')).toBeVisible();
          |                                                                 ^
      102 |     await expect(page.locator('[data-testid="voice-input"]')).toBeVisible();
      103 |     
      104 |     // Test high contrast preference
        at c:\Users\cedric\Desktop\box\01-Projects\Web\game\dialect-game\tests\e2e\accessibility.spec.ts:101:65

    attachment #1: screenshot (image/png) ──────────────────────────────────────────────────────────
    test-results\accessibility-Accessibilit-ea7c3--have-proper-color-contrast-chromium\test-failed-1.png
    ────────────────────────────────────────────────────────────────────────────────────────────────

    attachment #2: video (video/webm) ──────────────────────────────────────────────────────────────
    test-results\accessibility-Accessibilit-ea7c3--have-proper-color-contrast-chromium\video.webm
    ────────────────────────────────────────────────────────────────────────────────────────────────

    Error Context: ..\..\test-results\accessibility-Accessibilit-ea7c3--have-proper-color-contrast-chromium\error-context.md
]]>
</failure>
<system-out>
<![CDATA[
[[ATTACHMENT|accessibility-Accessibilit-ea7c3--have-proper-color-contrast-chromium\test-failed-1.png]]

[[ATTACHMENT|accessibility-Accessibilit-ea7c3--have-proper-color-contrast-chromium\video.webm]]

[[ATTACHMENT|accessibility-Accessibilit-ea7c3--have-proper-color-contrast-chromium\error-context.md]]
]]>
</system-out>
</testcase>
<testcase name="Accessibility Compliance › should support screen reader announcements" classname="accessibility.spec.ts" time="2.092">
<failure message="accessibility.spec.ts:120:3 should support screen reader announcements" type="FAILURE">
<![CDATA[  [chromium] › accessibility.spec.ts:120:3 › Accessibility Compliance › should support screen reader announcements 

    Error: expect(received).toBe(expected) // Object.is equality

    Expected: false
    Received: true

      139 |       const firstSrOnly = srOnly.first();
      140 |       const isVisible = await firstSrOnly.isVisible();
    > 141 |       expect(isVisible).toBe(false); // Should be hidden visually
          |                         ^
      142 |       
      143 |       const content = await firstSrOnly.textContent();
      144 |       expect(content).toBeTruthy(); // But should have content
        at c:\Users\cedric\Desktop\box\01-Projects\Web\game\dialect-game\tests\e2e\accessibility.spec.ts:141:25

    attachment #1: screenshot (image/png) ──────────────────────────────────────────────────────────
    test-results\accessibility-Accessibilit-efa4e-screen-reader-announcements-chromium\test-failed-1.png
    ────────────────────────────────────────────────────────────────────────────────────────────────

    attachment #2: video (video/webm) ──────────────────────────────────────────────────────────────
    test-results\accessibility-Accessibilit-efa4e-screen-reader-announcements-chromium\video.webm
    ────────────────────────────────────────────────────────────────────────────────────────────────

    Error Context: ..\..\test-results\accessibility-Accessibilit-efa4e-screen-reader-announcements-chromium\error-context.md
]]>
</failure>
<system-out>
<![CDATA[
[[ATTACHMENT|accessibility-Accessibilit-efa4e-screen-reader-announcements-chromium\test-failed-1.png]]

[[ATTACHMENT|accessibility-Accessibilit-efa4e-screen-reader-announcements-chromium\video.webm]]

[[ATTACHMENT|accessibility-Accessibilit-efa4e-screen-reader-announcements-chromium\error-context.md]]
]]>
</system-out>
</testcase>
<testcase name="Accessibility Compliance › should have proper form labels and validation" classname="accessibility.spec.ts" time="1.794">
</testcase>
<testcase name="Accessibility Compliance › should handle reduced motion preferences" classname="accessibility.spec.ts" time="2.072">
</testcase>
<testcase name="Accessibility Compliance › should support zoom up to 200%" classname="accessibility.spec.ts" time="2.524">
</testcase>
<testcase name="Accessibility Compliance › should work without JavaScript (progressive enhancement)" classname="accessibility.spec.ts" time="1.682">
<failure message="accessibility.spec.ts:226:3 should work without JavaScript (progressive enhancement)" type="FAILURE">
<![CDATA[  [chromium] › accessibility.spec.ts:226:3 › Accessibility Compliance › should work without JavaScript (progressive enhancement) 

    Error: expect(received).toContain(expected) // indexOf

    Expected substring: "JavaScript"
    Received string:    ""

      237 |     if (noscriptCount > 0) {
      238 |       const noscriptText = await noscriptContent.textContent();
    > 239 |       expect(noscriptText).toContain('JavaScript');
          |                            ^
      240 |     }
      241 |   });
      242 | });
        at c:\Users\cedric\Desktop\box\01-Projects\Web\game\dialect-game\tests\e2e\accessibility.spec.ts:239:28

    attachment #1: screenshot (image/png) ──────────────────────────────────────────────────────────
    test-results\accessibility-Accessibilit-8c14c-pt-progressive-enhancement--chromium\test-failed-1.png
    ────────────────────────────────────────────────────────────────────────────────────────────────

    attachment #2: video (video/webm) ──────────────────────────────────────────────────────────────
    test-results\accessibility-Accessibilit-8c14c-pt-progressive-enhancement--chromium\video.webm
    ────────────────────────────────────────────────────────────────────────────────────────────────

    Error Context: ..\..\test-results\accessibility-Accessibilit-8c14c-pt-progressive-enhancement--chromium\error-context.md
]]>
</failure>
<system-out>
<![CDATA[
[[ATTACHMENT|accessibility-Accessibilit-8c14c-pt-progressive-enhancement--chromium\test-failed-1.png]]

[[ATTACHMENT|accessibility-Accessibilit-8c14c-pt-progressive-enhancement--chromium\video.webm]]

[[ATTACHMENT|accessibility-Accessibilit-8c14c-pt-progressive-enhancement--chromium\error-context.md]]
]]>
</system-out>
</testcase>
<testcase name="Mobile Accessibility › should support touch navigation" classname="accessibility.spec.ts" time="1.982">
<failure message="accessibility.spec.ts:251:3 should support touch navigation" type="FAILURE">
<![CDATA[  [chromium] › accessibility.spec.ts:251:3 › Mobile Accessibility › should support touch navigation 

    Error: expect(received).toBeGreaterThanOrEqual(expected)

    Expected: >= 44
    Received:    42.1875

      260 |       if (box) {
      261 |         // Touch targets should be at least 44x44px
    > 262 |         expect(Math.min(box.width, box.height)).toBeGreaterThanOrEqual(44);
          |                                                 ^
      263 |       }
      264 |     }
      265 |   });
        at c:\Users\cedric\Desktop\box\01-Projects\Web\game\dialect-game\tests\e2e\accessibility.spec.ts:262:49

    attachment #1: screenshot (image/png) ──────────────────────────────────────────────────────────
    test-results\accessibility-Mobile-Acces-38a50-ld-support-touch-navigation-chromium\test-failed-1.png
    ────────────────────────────────────────────────────────────────────────────────────────────────

    attachment #2: video (video/webm) ──────────────────────────────────────────────────────────────
    test-results\accessibility-Mobile-Acces-38a50-ld-support-touch-navigation-chromium\video.webm
    ────────────────────────────────────────────────────────────────────────────────────────────────

    Error Context: ..\..\test-results\accessibility-Mobile-Acces-38a50-ld-support-touch-navigation-chromium\error-context.md
]]>
</failure>
<system-out>
<![CDATA[
[[ATTACHMENT|accessibility-Mobile-Acces-38a50-ld-support-touch-navigation-chromium\test-failed-1.png]]

[[ATTACHMENT|accessibility-Mobile-Acces-38a50-ld-support-touch-navigation-chromium\video.webm]]

[[ATTACHMENT|accessibility-Mobile-Acces-38a50-ld-support-touch-navigation-chromium\error-context.md]]
]]>
</system-out>
</testcase>
<testcase name="Mobile Accessibility › should work with screen orientation changes" classname="accessibility.spec.ts" time="2.594">
</testcase>
<testcase name="Mobile Accessibility › should support voice control and assistive technologies" classname="accessibility.spec.ts" time="1.571">
</testcase>
<testcase name="Error State Accessibility › should announce errors to screen readers" classname="accessibility.spec.ts" time="1.706">
</testcase>
<testcase name="Error State Accessibility › should provide clear error recovery paths" classname="accessibility.spec.ts" time="2.056">
</testcase>
<testcase name="Error State Accessibility › should maintain focus after errors" classname="accessibility.spec.ts" time="1.609">
</testcase>
</testsuite>
<testsuite name="gameFlow.spec.ts" timestamp="2025-06-14T10:19:44.681Z" hostname="chromium" tests="17" failures="7" skipped="0" time="195.816" errors="0">
<testcase name="Main Game Flow › should load the application successfully" classname="gameFlow.spec.ts" time="1.742">
</testcase>
<testcase name="Main Game Flow › should navigate from menu to game" classname="gameFlow.spec.ts" time="3.611">
</testcase>
<testcase name="Main Game Flow › should display score and statistics correctly" classname="gameFlow.spec.ts" time="3.046">
</testcase>
<testcase name="Main Game Flow › should handle voice input interaction" classname="gameFlow.spec.ts" time="4.204">
</testcase>
<testcase name="Main Game Flow › should show game over state" classname="gameFlow.spec.ts" time="1.764">
</testcase>
<testcase name="Main Game Flow › should handle responsive design" classname="gameFlow.spec.ts" time="8.169">
<failure message="gameFlow.spec.ts:86:3 should handle responsive design" type="FAILURE">
<![CDATA[  [chromium] › gameFlow.spec.ts:86:3 › Main Game Flow › should handle responsive design ────────────

    Error: Timed out 5000ms waiting for expect(locator).not.toHaveClass(expected)

    Locator: locator('[data-testid="score-display"]')
    Expected pattern: not /compact-layout/
    Received: <element(s) not found>
    Call log:
      - Expect "not toHaveClass" with timeout 5000ms
      - waiting for locator('[data-testid="score-display"]')


      90 |     
      91 |     const scoreDisplay = page.locator('[data-testid="score-display"]');
    > 92 |     await expect(scoreDisplay).not.toHaveClass(/compact-layout/);
         |                                    ^
      93 |     
      94 |     // Test mobile view
      95 |     await page.setViewportSize({ width: 375, height: 667 });
        at c:\Users\cedric\Desktop\box\01-Projects\Web\game\dialect-game\tests\e2e\gameFlow.spec.ts:92:36

    attachment #1: screenshot (image/png) ──────────────────────────────────────────────────────────
    test-results\gameFlow-Main-Game-Flow-should-handle-responsive-design-chromium\test-failed-1.png
    ────────────────────────────────────────────────────────────────────────────────────────────────

    attachment #2: video (video/webm) ──────────────────────────────────────────────────────────────
    test-results\gameFlow-Main-Game-Flow-should-handle-responsive-design-chromium\video.webm
    ────────────────────────────────────────────────────────────────────────────────────────────────

    Error Context: ..\..\test-results\gameFlow-Main-Game-Flow-should-handle-responsive-design-chromium\error-context.md
]]>
</failure>
<system-out>
<![CDATA[
[[ATTACHMENT|gameFlow-Main-Game-Flow-should-handle-responsive-design-chromium\test-failed-1.png]]

[[ATTACHMENT|gameFlow-Main-Game-Flow-should-handle-responsive-design-chromium\video.webm]]

[[ATTACHMENT|gameFlow-Main-Game-Flow-should-handle-responsive-design-chromium\error-context.md]]
]]>
</system-out>
</testcase>
<testcase name="Main Game Flow › should persist game state on page refresh" classname="gameFlow.spec.ts" time="31.115">
<failure message="gameFlow.spec.ts:101:3 should persist game state on page refresh" type="FAILURE">
<![CDATA[  [chromium] › gameFlow.spec.ts:101:3 › Main Game Flow › should persist game state on page refresh ─

    Test timeout of 30000ms exceeded.

    Error: locator.textContent: Test timeout of 30000ms exceeded.
    Call log:
      - waiting for locator('[data-testid="score-value"]')


      110 |     
      111 |     // Score might be reset or persisted depending on implementation
    > 112 |     const currentScore = await page.locator('[data-testid="score-value"]').textContent();
          |                                                                            ^
      113 |     expect(currentScore).toBeDefined();
      114 |   });
      115 | });
        at c:\Users\cedric\Desktop\box\01-Projects\Web\game\dialect-game\tests\e2e\gameFlow.spec.ts:112:76

    attachment #1: screenshot (image/png) ──────────────────────────────────────────────────────────
    test-results\gameFlow-Main-Game-Flow-sh-46240--game-state-on-page-refresh-chromium\test-failed-1.png
    ────────────────────────────────────────────────────────────────────────────────────────────────

    attachment #2: video (video/webm) ──────────────────────────────────────────────────────────────
    test-results\gameFlow-Main-Game-Flow-sh-46240--game-state-on-page-refresh-chromium\video.webm
    ────────────────────────────────────────────────────────────────────────────────────────────────

    Error Context: ..\..\test-results\gameFlow-Main-Game-Flow-sh-46240--game-state-on-page-refresh-chromium\error-context.md
]]>
</failure>
<system-out>
<![CDATA[
[[ATTACHMENT|gameFlow-Main-Game-Flow-sh-46240--game-state-on-page-refresh-chromium\test-failed-1.png]]

[[ATTACHMENT|gameFlow-Main-Game-Flow-sh-46240--game-state-on-page-refresh-chromium\video.webm]]

[[ATTACHMENT|gameFlow-Main-Game-Flow-sh-46240--game-state-on-page-refresh-chromium\error-context.md]]
]]>
</system-out>
</testcase>
<testcase name="Game Mechanics › should update score when correct answers are given" classname="gameFlow.spec.ts" time="1.873">
</testcase>
<testcase name="Game Mechanics › should show milestone celebrations" classname="gameFlow.spec.ts" time="1.819">
</testcase>
<testcase name="Game Mechanics › should handle level progression" classname="gameFlow.spec.ts" time="7.707">
<failure message="gameFlow.spec.ts:141:3 should handle level progression" type="FAILURE">
<![CDATA[  [chromium] › gameFlow.spec.ts:141:3 › Game Mechanics › should handle level progression ───────────

    Error: Timed out 5000ms waiting for expect(locator).toBeVisible()

    Locator: locator('[data-testid="level-progress"]')
    Expected: visible
    Received: hidden
    Call log:
      - Expect "toBeVisible" with timeout 5000ms
      - waiting for locator('[data-testid="level-progress"]')
        9 × locator resolved to <div aria-valuenow="0" aria-valuemin="0" role="progressbar" aria-valuemax="100" class="progress-bar" data-testid="level-progress">…</div>
          - unexpected value "hidden"


      144 |     
      145 |     await expect(levelDisplay).toBeVisible();
    > 146 |     await expect(progressBar).toBeVisible();
          |                               ^
      147 |     
      148 |     // Check progress bar has correct attributes
      149 |     await expect(progressBar).toHaveAttribute('role', 'progressbar');
        at c:\Users\cedric\Desktop\box\01-Projects\Web\game\dialect-game\tests\e2e\gameFlow.spec.ts:146:31

    attachment #1: screenshot (image/png) ──────────────────────────────────────────────────────────
    test-results\gameFlow-Game-Mechanics-should-handle-level-progression-chromium\test-failed-1.png
    ────────────────────────────────────────────────────────────────────────────────────────────────

    attachment #2: video (video/webm) ──────────────────────────────────────────────────────────────
    test-results\gameFlow-Game-Mechanics-should-handle-level-progression-chromium\video.webm
    ────────────────────────────────────────────────────────────────────────────────────────────────

    Error Context: ..\..\test-results\gameFlow-Game-Mechanics-should-handle-level-progression-chromium\error-context.md
]]>
</failure>
<system-out>
<![CDATA[
[[ATTACHMENT|gameFlow-Game-Mechanics-should-handle-level-progression-chromium\test-failed-1.png]]

[[ATTACHMENT|gameFlow-Game-Mechanics-should-handle-level-progression-chromium\video.webm]]

[[ATTACHMENT|gameFlow-Game-Mechanics-should-handle-level-progression-chromium\error-context.md]]
]]>
</system-out>
</testcase>
<testcase name="Accessibility › should be keyboard navigable" classname="gameFlow.spec.ts" time="7.519">
<failure message="gameFlow.spec.ts:154:3 should be keyboard navigable" type="FAILURE">
<![CDATA[  [chromium] › gameFlow.spec.ts:154:3 › Accessibility › should be keyboard navigable ───────────────

    Error: Timed out 5000ms waiting for expect(locator).toBeVisible()

    Locator: locator(':focus')
    Expected: visible
    Received: <element(s) not found>
    Call log:
      - Expect "toBeVisible" with timeout 5000ms
      - waiting for locator(':focus')


      158 |     // First focusable element should be focused
      159 |     const focusedElement = page.locator(':focus');
    > 160 |     await expect(focusedElement).toBeVisible();
          |                                  ^
      161 |     
      162 |     // Continue tabbing through interactive elements
      163 |     await page.keyboard.press('Tab');
        at c:\Users\cedric\Desktop\box\01-Projects\Web\game\dialect-game\tests\e2e\gameFlow.spec.ts:160:34

    attachment #1: screenshot (image/png) ──────────────────────────────────────────────────────────
    test-results\gameFlow-Accessibility-should-be-keyboard-navigable-chromium\test-failed-1.png
    ────────────────────────────────────────────────────────────────────────────────────────────────

    attachment #2: video (video/webm) ──────────────────────────────────────────────────────────────
    test-results\gameFlow-Accessibility-should-be-keyboard-navigable-chromium\video.webm
    ────────────────────────────────────────────────────────────────────────────────────────────────
]]>
</failure>
<system-out>
<![CDATA[
[[ATTACHMENT|gameFlow-Accessibility-should-be-keyboard-navigable-chromium\test-failed-1.png]]

[[ATTACHMENT|gameFlow-Accessibility-should-be-keyboard-navigable-chromium\video.webm]]
]]>
</system-out>
</testcase>
<testcase name="Accessibility › should have proper ARIA labels" classname="gameFlow.spec.ts" time="37.491">
<failure message="gameFlow.spec.ts:167:3 should have proper ARIA labels" type="FAILURE">
<![CDATA[  [chromium] › gameFlow.spec.ts:167:3 › Accessibility › should have proper ARIA labels ─────────────

    Test timeout of 30000ms exceeded.

    Error: page.click: Test timeout of 30000ms exceeded.
    Call log:
      - waiting for locator('[data-testid="start-game-button"]')


      166 |
      167 |   test('should have proper ARIA labels', async ({ page }) => {
    > 168 |     await page.click('[data-testid="start-game-button"]');
          |                ^
      169 |     
      170 |     // Check important elements have ARIA labels
      171 |     const canvas = page.locator('[data-testid="game-canvas"] canvas');
        at c:\Users\cedric\Desktop\box\01-Projects\Web\game\dialect-game\tests\e2e\gameFlow.spec.ts:168:16

    attachment #1: screenshot (image/png) ──────────────────────────────────────────────────────────
    test-results\gameFlow-Accessibility-should-have-proper-ARIA-labels-chromium\test-failed-1.png
    ────────────────────────────────────────────────────────────────────────────────────────────────

    attachment #2: video (video/webm) ──────────────────────────────────────────────────────────────
    test-results\gameFlow-Accessibility-should-have-proper-ARIA-labels-chromium\video.webm
    ────────────────────────────────────────────────────────────────────────────────────────────────
]]>
</failure>
<system-out>
<![CDATA[
[[ATTACHMENT|gameFlow-Accessibility-should-have-proper-ARIA-labels-chromium\test-failed-1.png]]

[[ATTACHMENT|gameFlow-Accessibility-should-have-proper-ARIA-labels-chromium\video.webm]]
]]>
</system-out>
</testcase>
<testcase name="Accessibility › should work with screen reader announcements" classname="gameFlow.spec.ts" time="38.524">
<failure message="gameFlow.spec.ts:181:3 should work with screen reader announcements" type="FAILURE">
<![CDATA[  [chromium] › gameFlow.spec.ts:181:3 › Accessibility › should work with screen reader announcements 

    Test timeout of 30000ms exceeded.

    Error: page.click: Test timeout of 30000ms exceeded.
    Call log:
      - waiting for locator('[data-testid="start-game-button"]')


      180 |
      181 |   test('should work with screen reader announcements', async ({ page }) => {
    > 182 |     await page.click('[data-testid="start-game-button"]');
          |                ^
      183 |     
      184 |     // Check for screen reader content
      185 |     const srOnly = page.locator('.sr-only');
        at c:\Users\cedric\Desktop\box\01-Projects\Web\game\dialect-game\tests\e2e\gameFlow.spec.ts:182:16

    attachment #1: screenshot (image/png) ──────────────────────────────────────────────────────────
    test-results\gameFlow-Accessibility-sho-30846-screen-reader-announcements-chromium\test-failed-1.png
    ────────────────────────────────────────────────────────────────────────────────────────────────

    attachment #2: video (video/webm) ──────────────────────────────────────────────────────────────
    test-results\gameFlow-Accessibility-sho-30846-screen-reader-announcements-chromium\video.webm
    ────────────────────────────────────────────────────────────────────────────────────────────────
]]>
</failure>
<system-out>
<![CDATA[
[[ATTACHMENT|gameFlow-Accessibility-sho-30846-screen-reader-announcements-chromium\test-failed-1.png]]

[[ATTACHMENT|gameFlow-Accessibility-sho-30846-screen-reader-announcements-chromium\video.webm]]
]]>
</system-out>
</testcase>
<testcase name="Accessibility › should support high contrast mode" classname="gameFlow.spec.ts" time="0.934">
</testcase>
<testcase name="Performance › should load within acceptable time" classname="gameFlow.spec.ts" time="1.424">
</testcase>
<testcase name="Performance › should maintain 60fps during gameplay" classname="gameFlow.spec.ts" time="3.503">
</testcase>
<testcase name="Performance › should not have memory leaks" classname="gameFlow.spec.ts" time="41.371">
<failure message="gameFlow.spec.ts:246:3 should not have memory leaks" type="FAILURE">
<![CDATA[  [chromium] › gameFlow.spec.ts:246:3 › Performance › should not have memory leaks ─────────────────

    Test timeout of 30000ms exceeded.

    Error: page.click: Test timeout of 30000ms exceeded.
    Call log:
      - waiting for locator('[data-testid="start-game-button"]')


      247 |     // Start and stop game multiple times
      248 |     for (let i = 0; i < 3; i++) {
    > 249 |       await page.click('[data-testid="start-game-button"]');
          |                  ^
      250 |       await page.waitForTimeout(1000);
      251 |       
      252 |       // Navigate back to menu if possible
        at c:\Users\cedric\Desktop\box\01-Projects\Web\game\dialect-game\tests\e2e\gameFlow.spec.ts:249:18

    attachment #1: screenshot (image/png) ──────────────────────────────────────────────────────────
    test-results\gameFlow-Performance-should-not-have-memory-leaks-chromium\test-failed-1.png
    ────────────────────────────────────────────────────────────────────────────────────────────────

    attachment #2: video (video/webm) ──────────────────────────────────────────────────────────────
    test-results\gameFlow-Performance-should-not-have-memory-leaks-chromium\video.webm
    ────────────────────────────────────────────────────────────────────────────────────────────────
]]>
</failure>
<system-out>
<![CDATA[
[[ATTACHMENT|gameFlow-Performance-should-not-have-memory-leaks-chromium\test-failed-1.png]]

[[ATTACHMENT|gameFlow-Performance-should-not-have-memory-leaks-chromium\video.webm]]
]]>
</system-out>
</testcase>
</testsuite>
<testsuite name="voiceInteraction.spec.ts" timestamp="2025-06-14T10:19:44.681Z" hostname="chromium" tests="20" failures="6" skipped="0" time="102" errors="0">
<testcase name="Voice Interaction Flow › should display voice input interface" classname="voiceInteraction.spec.ts" time="6.932">
<failure message="voiceInteraction.spec.ts:19:3 should display voice input interface" type="FAILURE">
<![CDATA[  [chromium] › voiceInteraction.spec.ts:19:3 › Voice Interaction Flow › should display voice input interface 

    Error: Timed out 5000ms waiting for expect(locator).toContainText(expected)

    Locator: locator('.voice-status')
    Expected pattern: /click to speak/i
    Received string:  "Say the word you hear..."
    Call log:
      - Expect "toContainText" with timeout 5000ms
      - waiting for locator('.voice-status')
        8 × locator resolved to <div role="status" id="voice-status" aria-live="polite" class="voice-status">Say the word you hear...</div>
          - unexpected value "Say the word you hear..."


      27 |     
      28 |     // Should show initial placeholder
    > 29 |     await expect(page.locator('.voice-status')).toContainText(/click to speak/i);
         |                                                 ^
      30 |   });
      31 |
      32 |   test('should handle microphone button click', async ({ page }) => {
        at c:\Users\cedric\Desktop\box\01-Projects\Web\game\dialect-game\tests\e2e\voiceInteraction.spec.ts:29:49

    attachment #1: screenshot (image/png) ──────────────────────────────────────────────────────────
    test-results\voiceInteraction-Voice-Int-612e6-splay-voice-input-interface-chromium\test-failed-1.png
    ────────────────────────────────────────────────────────────────────────────────────────────────

    attachment #2: video (video/webm) ──────────────────────────────────────────────────────────────
    test-results\voiceInteraction-Voice-Int-612e6-splay-voice-input-interface-chromium\video.webm
    ────────────────────────────────────────────────────────────────────────────────────────────────

    Error Context: ..\..\test-results\voiceInteraction-Voice-Int-612e6-splay-voice-input-interface-chromium\error-context.md
]]>
</failure>
<system-out>
<![CDATA[
[[ATTACHMENT|voiceInteraction-Voice-Int-612e6-splay-voice-input-interface-chromium\test-failed-1.png]]

[[ATTACHMENT|voiceInteraction-Voice-Int-612e6-splay-voice-input-interface-chromium\video.webm]]

[[ATTACHMENT|voiceInteraction-Voice-Int-612e6-splay-voice-input-interface-chromium\error-context.md]]
]]>
</system-out>
</testcase>
<testcase name="Voice Interaction Flow › should handle microphone button click" classname="voiceInteraction.spec.ts" time="3.382">
<failure message="voiceInteraction.spec.ts:32:3 should handle microphone button click" type="FAILURE">
<![CDATA[  [chromium] › voiceInteraction.spec.ts:32:3 › Voice Interaction Flow › should handle microphone button click 

    Error: expect(received).toBe(expected) // Object.is equality

    Expected: true
    Received: false

      46 |     const isUnsupported = await page.locator('.voice-input-unsupported').isVisible();
      47 |     
    > 48 |     expect(isListening || isUnsupported).toBe(true);
         |                                          ^
      49 |   });
      50 |
      51 |   test('should show visual feedback during recording', async ({ page }) => {
        at c:\Users\cedric\Desktop\box\01-Projects\Web\game\dialect-game\tests\e2e\voiceInteraction.spec.ts:48:42

    attachment #1: screenshot (image/png) ──────────────────────────────────────────────────────────
    test-results\voiceInteraction-Voice-Int-8f699-dle-microphone-button-click-chromium\test-failed-1.png
    ────────────────────────────────────────────────────────────────────────────────────────────────

    attachment #2: video (video/webm) ──────────────────────────────────────────────────────────────
    test-results\voiceInteraction-Voice-Int-8f699-dle-microphone-button-click-chromium\video.webm
    ────────────────────────────────────────────────────────────────────────────────────────────────

    Error Context: ..\..\test-results\voiceInteraction-Voice-Int-8f699-dle-microphone-button-click-chromium\error-context.md
]]>
</failure>
<system-out>
<![CDATA[
[[ATTACHMENT|voiceInteraction-Voice-Int-8f699-dle-microphone-button-click-chromium\test-failed-1.png]]

[[ATTACHMENT|voiceInteraction-Voice-Int-8f699-dle-microphone-button-click-chromium\video.webm]]

[[ATTACHMENT|voiceInteraction-Voice-Int-8f699-dle-microphone-button-click-chromium\error-context.md]]
]]>
</system-out>
</testcase>
<testcase name="Voice Interaction Flow › should show visual feedback during recording" classname="voiceInteraction.spec.ts" time="2.609">
</testcase>
<testcase name="Voice Interaction Flow › should handle keyboard interactions" classname="voiceInteraction.spec.ts" time="3.064">
<failure message="voiceInteraction.spec.ts:70:3 should handle keyboard interactions" type="FAILURE">
<![CDATA[  [chromium] › voiceInteraction.spec.ts:70:3 › Voice Interaction Flow › should handle keyboard interactions 

    Error: expect(received).toBe(expected) // Object.is equality

    Expected: true
    Received: false

      83 |     const hasError = await page.locator('.voice-input-unsupported').isVisible();
      84 |     
    > 85 |     expect(isActive || hasError).toBe(true);
         |                                  ^
      86 |   });
      87 |
      88 |   test('should display error messages appropriately', async ({ page }) => {
        at c:\Users\cedric\Desktop\box\01-Projects\Web\game\dialect-game\tests\e2e\voiceInteraction.spec.ts:85:34

    attachment #1: screenshot (image/png) ──────────────────────────────────────────────────────────
    test-results\voiceInteraction-Voice-Int-0c796-andle-keyboard-interactions-chromium\test-failed-1.png
    ────────────────────────────────────────────────────────────────────────────────────────────────

    attachment #2: video (video/webm) ──────────────────────────────────────────────────────────────
    test-results\voiceInteraction-Voice-Int-0c796-andle-keyboard-interactions-chromium\video.webm
    ────────────────────────────────────────────────────────────────────────────────────────────────

    Error Context: ..\..\test-results\voiceInteraction-Voice-Int-0c796-andle-keyboard-interactions-chromium\error-context.md
]]>
</failure>
<system-out>
<![CDATA[
[[ATTACHMENT|voiceInteraction-Voice-Int-0c796-andle-keyboard-interactions-chromium\test-failed-1.png]]

[[ATTACHMENT|voiceInteraction-Voice-Int-0c796-andle-keyboard-interactions-chromium\video.webm]]

[[ATTACHMENT|voiceInteraction-Voice-Int-0c796-andle-keyboard-interactions-chromium\error-context.md]]
]]>
</system-out>
</testcase>
<testcase name="Voice Interaction Flow › should display error messages appropriately" classname="voiceInteraction.spec.ts" time="1.405">
</testcase>
<testcase name="Voice Interaction Flow › should show retry button on errors" classname="voiceInteraction.spec.ts" time="4.239">
</testcase>
<testcase name="Voice Input States › should handle idle state correctly" classname="voiceInteraction.spec.ts" time="2.844">
</testcase>
<testcase name="Voice Input States › should show processing state when available" classname="voiceInteraction.spec.ts" time="3.041">
</testcase>
<testcase name="Voice Input States › should display confidence indicators when enabled" classname="voiceInteraction.spec.ts" time="1.492">
</testcase>
<testcase name="Voice Input States › should show transcript preview when enabled" classname="voiceInteraction.spec.ts" time="1.672">
</testcase>
<testcase name="Voice Input States › should display volume level indicator" classname="voiceInteraction.spec.ts" time="3.715">
</testcase>
<testcase name="Voice Accessibility › should have proper ARIA attributes" classname="voiceInteraction.spec.ts" time="3.406">
</testcase>
<testcase name="Voice Accessibility › should announce state changes to screen readers" classname="voiceInteraction.spec.ts" time="2.458">
</testcase>
<testcase name="Voice Accessibility › should support keyboard-only navigation" classname="voiceInteraction.spec.ts" time="31.88">
<failure message="voiceInteraction.spec.ts:209:3 should support keyboard-only navigation" type="FAILURE">
<![CDATA[  [chromium] › voiceInteraction.spec.ts:209:3 › Voice Accessibility › should support keyboard-only navigation 

    Test timeout of 30000ms exceeded.

    Error: locator.getAttribute: Test timeout of 30000ms exceeded.
    Call log:
      - waiting for locator(':focus')


      214 |     // Should eventually reach voice button
      215 |     const focusedElement = page.locator(':focus');
    > 216 |     const isMicButton = await focusedElement.getAttribute('aria-label');
          |                                              ^
      217 |     
      218 |     if (isMicButton && isMicButton.includes('voice recognition')) {
      219 |       // Space or Enter should activate
        at c:\Users\cedric\Desktop\box\01-Projects\Web\game\dialect-game\tests\e2e\voiceInteraction.spec.ts:216:46

    attachment #1: screenshot (image/png) ──────────────────────────────────────────────────────────
    test-results\voiceInteraction-Voice-Acc-8d8ad-rt-keyboard-only-navigation-chromium\test-failed-1.png
    ────────────────────────────────────────────────────────────────────────────────────────────────

    attachment #2: video (video/webm) ──────────────────────────────────────────────────────────────
    test-results\voiceInteraction-Voice-Acc-8d8ad-rt-keyboard-only-navigation-chromium\video.webm
    ────────────────────────────────────────────────────────────────────────────────────────────────

    Error Context: ..\..\test-results\voiceInteraction-Voice-Acc-8d8ad-rt-keyboard-only-navigation-chromium\error-context.md
]]>
</failure>
<system-out>
<![CDATA[
[[ATTACHMENT|voiceInteraction-Voice-Acc-8d8ad-rt-keyboard-only-navigation-chromium\test-failed-1.png]]

[[ATTACHMENT|voiceInteraction-Voice-Acc-8d8ad-rt-keyboard-only-navigation-chromium\video.webm]]

[[ATTACHMENT|voiceInteraction-Voice-Acc-8d8ad-rt-keyboard-only-navigation-chromium\error-context.md]]
]]>
</system-out>
</testcase>
<testcase name="Voice Accessibility › should work with reduced motion preferences" classname="voiceInteraction.spec.ts" time="6.685">
</testcase>
<testcase name="Voice Input Error Handling › should handle permission denied gracefully" classname="voiceInteraction.spec.ts" time="6.233">
</testcase>
<testcase name="Voice Input Error Handling › should provide fallback for unsupported browsers" classname="voiceInteraction.spec.ts" time="3.093">
<failure message="voiceInteraction.spec.ts:276:3 should provide fallback for unsupported browsers" type="FAILURE">
<![CDATA[  [chromium] › voiceInteraction.spec.ts:276:3 › Voice Input Error Handling › should provide fallback for unsupported browsers 

    Error: expect(received).toBe(expected) // Object.is equality

    Expected: true
    Received: false

      287 |     const showsUnsupported = await unsupportedMessage.isVisible();
      288 |     
    > 289 |     expect(hasVoiceInput || showsUnsupported).toBe(true);
          |                                               ^
      290 |     
      291 |     if (showsUnsupported) {
      292 |       await expect(unsupportedMessage).toContainText(/not supported/i);
        at c:\Users\cedric\Desktop\box\01-Projects\Web\game\dialect-game\tests\e2e\voiceInteraction.spec.ts:289:47

    attachment #1: screenshot (image/png) ──────────────────────────────────────────────────────────
    test-results\voiceInteraction-Voice-Inp-1448d-ck-for-unsupported-browsers-chromium\test-failed-1.png
    ────────────────────────────────────────────────────────────────────────────────────────────────

    attachment #2: video (video/webm) ──────────────────────────────────────────────────────────────
    test-results\voiceInteraction-Voice-Inp-1448d-ck-for-unsupported-browsers-chromium\video.webm
    ────────────────────────────────────────────────────────────────────────────────────────────────

    Error Context: ..\..\test-results\voiceInteraction-Voice-Inp-1448d-ck-for-unsupported-browsers-chromium\error-context.md
]]>
</failure>
<system-out>
<![CDATA[
[[ATTACHMENT|voiceInteraction-Voice-Inp-1448d-ck-for-unsupported-browsers-chromium\test-failed-1.png]]

[[ATTACHMENT|voiceInteraction-Voice-Inp-1448d-ck-for-unsupported-browsers-chromium\video.webm]]

[[ATTACHMENT|voiceInteraction-Voice-Inp-1448d-ck-for-unsupported-browsers-chromium\error-context.md]]
]]>
</system-out>
</testcase>
<testcase name="Voice Input Error Handling › should show network error messages" classname="voiceInteraction.spec.ts" time="6.85">
</testcase>
<testcase name="Voice Input Performance › should respond to interactions quickly" classname="voiceInteraction.spec.ts" time="3.875">
<failure message="voiceInteraction.spec.ts:320:3 should respond to interactions quickly" type="FAILURE">
<![CDATA[  [chromium] › voiceInteraction.spec.ts:320:3 › Voice Input Performance › should respond to interactions quickly 

    Error: expect(received).toBeLessThan(expected)

    Expected: < 200
    Received:   1513

      334 |     
      335 |     // Should respond within 200ms for good UX
    > 336 |     expect(responseTime).toBeLessThan(200);
          |                          ^
      337 |   });
      338 |
      339 |   test('should handle rapid button clicks', async ({ page }) => {
        at c:\Users\cedric\Desktop\box\01-Projects\Web\game\dialect-game\tests\e2e\voiceInteraction.spec.ts:336:26

    attachment #1: screenshot (image/png) ──────────────────────────────────────────────────────────
    test-results\voiceInteraction-Voice-Inp-48b70-ond-to-interactions-quickly-chromium\test-failed-1.png
    ────────────────────────────────────────────────────────────────────────────────────────────────

    attachment #2: video (video/webm) ──────────────────────────────────────────────────────────────
    test-results\voiceInteraction-Voice-Inp-48b70-ond-to-interactions-quickly-chromium\video.webm
    ────────────────────────────────────────────────────────────────────────────────────────────────

    Error Context: ..\..\test-results\voiceInteraction-Voice-Inp-48b70-ond-to-interactions-quickly-chromium\error-context.md
]]>
</failure>
<system-out>
<![CDATA[
[[ATTACHMENT|voiceInteraction-Voice-Inp-48b70-ond-to-interactions-quickly-chromium\test-failed-1.png]]

[[ATTACHMENT|voiceInteraction-Voice-Inp-48b70-ond-to-interactions-quickly-chromium\video.webm]]

[[ATTACHMENT|voiceInteraction-Voice-Inp-48b70-ond-to-interactions-quickly-chromium\error-context.md]]
]]>
</system-out>
</testcase>
<testcase name="Voice Input Performance › should handle rapid button clicks" classname="voiceInteraction.spec.ts" time="3.125">
</testcase>
</testsuite>
</testsuites>